This is pdfTeX, Version 3.14159265-2.6-1.40.16 (TeX Live 2015/Debian) (preloaded format=pdflatex 2018.1.18)  2 MAY 2019 11:06
entering extended mode
 restricted \write18 enabled.
 %&-line parsing enabled.
**main.tex
(./main.tex
LaTeX2e <2016/02/01>
Babel <3.9q> and hyphenation patterns for 81 language(s) loaded.
(/usr/share/texlive/texmf-dist/tex/latex/elsarticle/elsarticle.cls
Document Class: elsarticle 2009/09/17, 1.2.0: Elsevier Ltd
\@bls=\dimen102
(/usr/share/texlive/texmf-dist/tex/latex/base/article.cls
Document Class: article 2014/09/29 v1.4h Standard LaTeX document class
(/usr/share/texlive/texmf-dist/tex/latex/base/size10.clo
File: size10.clo 2014/09/29 v1.4h Standard LaTeX file (size option)
)
\c@part=\count79
\c@section=\count80
\c@subsection=\count81
\c@subsubsection=\count82
\c@paragraph=\count83
\c@subparagraph=\count84
\c@figure=\count85
\c@table=\count86
\abovecaptionskip=\skip41
\belowcaptionskip=\skip42
\bibindent=\dimen103
)
(/usr/share/texlive/texmf-dist/tex/latex/graphics/graphicx.sty
Package: graphicx 2014/10/28 v1.0g Enhanced LaTeX Graphics (DPC,SPQR)

(/usr/share/texlive/texmf-dist/tex/latex/graphics/keyval.sty
Package: keyval 2014/10/28 v1.15 key=value parser (DPC)
\KV@toks@=\toks14
)
(/usr/share/texlive/texmf-dist/tex/latex/graphics/graphics.sty
Package: graphics 2016/01/03 v1.0q Standard LaTeX Graphics (DPC,SPQR)

(/usr/share/texlive/texmf-dist/tex/latex/graphics/trig.sty
Package: trig 2016/01/03 v1.10 sin cos tan (DPC)
)
(/usr/share/texlive/texmf-dist/tex/latex/latexconfig/graphics.cfg
File: graphics.cfg 2010/04/23 v1.9 graphics configuration of TeX Live
)
Package graphics Info: Driver file: pdftex.def on input line 95.

(/usr/share/texlive/texmf-dist/tex/latex/pdftex-def/pdftex.def
File: pdftex.def 2011/05/27 v0.06d Graphics/color for pdfTeX

(/usr/share/texlive/texmf-dist/tex/generic/oberdiek/infwarerr.sty
Package: infwarerr 2010/04/08 v1.3 Providing info/warning/error messages (HO)
)
(/usr/share/texlive/texmf-dist/tex/generic/oberdiek/ltxcmds.sty
Package: ltxcmds 2011/11/09 v1.22 LaTeX kernel commands for general use (HO)
)
\Gread@gobject=\count87
))
\Gin@req@height=\dimen104
\Gin@req@width=\dimen105
)
(/usr/share/texlive/texmf-dist/tex/latex/psnfss/pifont.sty
Package: pifont 2005/04/12 PSNFSS-v9.2a Pi font support (SPQR) 
LaTeX Font Info:    Try loading font information for U+pzd on input line 63.

(/usr/share/texlive/texmf-dist/tex/latex/psnfss/upzd.fd
File: upzd.fd 2001/06/04 font definitions for U/pzd.
)
LaTeX Font Info:    Try loading font information for U+psy on input line 64.

(/usr/share/texlive/texmf-dist/tex/latex/psnfss/upsy.fd
File: upsy.fd 2001/06/04 font definitions for U/psy.
))
\c@tnote=\count88
\c@fnote=\count89
\c@cnote=\count90
\c@ead=\count91
\c@author=\count92
\@eadauthor=\toks15
\c@affn=\count93
\absbox=\box26
\keybox=\box27
\Columnwidth=\dimen106
\space@left=\dimen107
\els@boxa=\box28
\els@boxb=\box29
\leftMargin=\dimen108
\@enLab=\toks16
\@sep=\skip43
\@@sep=\skip44
 (./main.spl)
(/usr/share/texlive/texmf-dist/tex/latex/natbib/natbib.sty
Package: natbib 2010/09/13 8.31b (PWD, AO)
\bibhang=\skip45
\bibsep=\skip46
LaTeX Info: Redefining \cite on input line 694.
\c@NAT@ctr=\count94
)
\splwrite=\write3
\openout3 = `main.spl'.

)
(/usr/share/texlive/texmf-dist/tex/latex/lineno/lineno.sty
Package: lineno 2005/11/02 line numbers on paragraphs v4.41
\linenopenalty=\count95
\output=\toks17
\linenoprevgraf=\count96
\linenumbersep=\dimen109
\linenumberwidth=\dimen110
\c@linenumber=\count97
\c@pagewiselinenumber=\count98
\c@LN@truepage=\count99
\c@internallinenumber=\count100
\c@internallinenumbers=\count101
\quotelinenumbersep=\dimen111
\bframerule=\dimen112
\bframesep=\dimen113
\bframebox=\box30
LaTeX Info: Redefining \\ on input line 3056.
)
(/usr/share/texlive/texmf-dist/tex/latex/hyperref/hyperref.sty
Package: hyperref 2012/11/06 v6.83m Hypertext links for LaTeX

(/usr/share/texlive/texmf-dist/tex/generic/oberdiek/hobsub-hyperref.sty
Package: hobsub-hyperref 2012/05/28 v1.13 Bundle oberdiek, subset hyperref (HO)


(/usr/share/texlive/texmf-dist/tex/generic/oberdiek/hobsub-generic.sty
Package: hobsub-generic 2012/05/28 v1.13 Bundle oberdiek, subset generic (HO)
Package: hobsub 2012/05/28 v1.13 Construct package bundles (HO)
Package hobsub Info: Skipping package `infwarerr' (already loaded).
Package hobsub Info: Skipping package `ltxcmds' (already loaded).
Package: ifluatex 2010/03/01 v1.3 Provides the ifluatex switch (HO)
Package ifluatex Info: LuaTeX not detected.
Package: ifvtex 2010/03/01 v1.5 Detect VTeX and its facilities (HO)
Package ifvtex Info: VTeX not detected.
Package: intcalc 2007/09/27 v1.1 Expandable calculations with integers (HO)
Package: ifpdf 2011/01/30 v2.3 Provides the ifpdf switch (HO)
Package ifpdf Info: pdfTeX in PDF mode is detected.
Package: etexcmds 2011/02/16 v1.5 Avoid name clashes with e-TeX commands (HO)
Package etexcmds Info: Could not find \expanded.
(etexcmds)             That can mean that you are not using pdfTeX 1.50 or
(etexcmds)             that some package has redefined \expanded.
(etexcmds)             In the latter case, load this package earlier.
Package: kvsetkeys 2012/04/25 v1.16 Key value parser (HO)
Package: kvdefinekeys 2011/04/07 v1.3 Define keys (HO)
Package: pdftexcmds 2011/11/29 v0.20 Utility functions of pdfTeX for LuaTeX (HO
)
Package pdftexcmds Info: LuaTeX not detected.
Package pdftexcmds Info: \pdf@primitive is available.
Package pdftexcmds Info: \pdf@ifprimitive is available.
Package pdftexcmds Info: \pdfdraftmode found.
Package: pdfescape 2011/11/25 v1.13 Implements pdfTeX's escape features (HO)
Package: bigintcalc 2012/04/08 v1.3 Expandable calculations on big integers (HO
)
Package: bitset 2011/01/30 v1.1 Handle bit-vector datatype (HO)
Package: uniquecounter 2011/01/30 v1.2 Provide unlimited unique counter (HO)
)
Package hobsub Info: Skipping package `hobsub' (already loaded).
Package: letltxmacro 2010/09/02 v1.4 Let assignment for LaTeX macros (HO)
Package: hopatch 2012/05/28 v1.2 Wrapper for package hooks (HO)
Package: xcolor-patch 2011/01/30 xcolor patch
Package: atveryend 2011/06/30 v1.8 Hooks at the very end of document (HO)
Package atveryend Info: \enddocument detected (standard20110627).
Package: atbegshi 2011/10/05 v1.16 At begin shipout hook (HO)
Package: refcount 2011/10/16 v3.4 Data extraction from label references (HO)
Package: hycolor 2011/01/30 v1.7 Color options for hyperref/bookmark (HO)
)
(/usr/share/texlive/texmf-dist/tex/generic/ifxetex/ifxetex.sty
Package: ifxetex 2010/09/12 v0.6 Provides ifxetex conditional
)
(/usr/share/texlive/texmf-dist/tex/latex/oberdiek/auxhook.sty
Package: auxhook 2011/03/04 v1.3 Hooks for auxiliary files (HO)
)
(/usr/share/texlive/texmf-dist/tex/latex/oberdiek/kvoptions.sty
Package: kvoptions 2011/06/30 v3.11 Key value format for package options (HO)
)
\@linkdim=\dimen114
\Hy@linkcounter=\count102
\Hy@pagecounter=\count103

(/usr/share/texlive/texmf-dist/tex/latex/hyperref/pd1enc.def
File: pd1enc.def 2012/11/06 v6.83m Hyperref: PDFDocEncoding definition (HO)
)
\Hy@SavedSpaceFactor=\count104

(/usr/share/texlive/texmf-dist/tex/latex/latexconfig/hyperref.cfg
File: hyperref.cfg 2002/06/06 v1.2 hyperref configuration of TeXLive
)
Package hyperref Info: Hyper figures OFF on input line 4443.
Package hyperref Info: Link nesting OFF on input line 4448.
Package hyperref Info: Hyper index ON on input line 4451.
Package hyperref Info: Plain pages OFF on input line 4458.
Package hyperref Info: Backreferencing OFF on input line 4463.
Package hyperref Info: Implicit mode ON; LaTeX internals redefined.
Package hyperref Info: Bookmarks ON on input line 4688.
\c@Hy@tempcnt=\count105

(/usr/share/texlive/texmf-dist/tex/latex/url/url.sty
\Urlmuskip=\muskip10
Package: url 2013/09/16  ver 3.4  Verb mode for urls, etc.
)
LaTeX Info: Redefining \url on input line 5041.
\XeTeXLinkMargin=\dimen115
\Fld@menulength=\count106
\Field@Width=\dimen116
\Fld@charsize=\dimen117
Package hyperref Info: Hyper figures OFF on input line 6295.
Package hyperref Info: Link nesting OFF on input line 6300.
Package hyperref Info: Hyper index ON on input line 6303.
Package hyperref Info: backreferencing OFF on input line 6310.
Package hyperref Info: Link coloring OFF on input line 6315.
Package hyperref Info: Link coloring with OCG OFF on input line 6320.
Package hyperref Info: PDF/A mode OFF on input line 6325.
LaTeX Info: Redefining \ref on input line 6365.
LaTeX Info: Redefining \pageref on input line 6369.
\Hy@abspage=\count107
\c@Item=\count108
\c@Hfootnote=\count109
)

Package hyperref Message: Driver (autodetected): hpdftex.

(/usr/share/texlive/texmf-dist/tex/latex/hyperref/hpdftex.def
File: hpdftex.def 2012/11/06 v6.83m Hyperref driver for pdfTeX
\Fld@listcount=\count110
\c@bookmark@seq@number=\count111

(/usr/share/texlive/texmf-dist/tex/latex/oberdiek/rerunfilecheck.sty
Package: rerunfilecheck 2011/04/15 v1.7 Rerun checks for auxiliary files (HO)
Package uniquecounter Info: New unique counter `rerunfilecheck' on input line 2
82.
)
\Hy@SectionHShift=\skip47
)
(/usr/share/texlive/texmf-dist/tex/latex/caption/caption.sty
Package: caption 2016/02/21 v3.3-144 Customizing captions (AR)

(/usr/share/texlive/texmf-dist/tex/latex/caption/caption3.sty
Package: caption3 2016/02/04 v1.7-139 caption3 kernel (AR)
Package caption3 Info: TeX engine: e-TeX on input line 67.
\captionmargin=\dimen118
\captionmargin@=\dimen119
\captionwidth=\dimen120
\caption@tempdima=\dimen121
\caption@indent=\dimen122
\caption@parindent=\dimen123
\caption@hangindent=\dimen124
)
\c@ContinuedFloat=\count112
Package caption Info: hyperref package is loaded.
)
(/usr/share/texlive/texmf-dist/tex/latex/subfig/subfig.sty
Package: subfig 2005/06/28 ver: 1.3 subfig package
\c@KVtest=\count113
\sf@farskip=\skip48
\sf@captopadj=\dimen125
\sf@capskip=\skip49
\sf@nearskip=\skip50
\c@subfigure=\count114
\c@subfigure@save=\count115
\c@lofdepth=\count116
\c@subtable=\count117
\c@subtable@save=\count118
\c@lotdepth=\count119
\sf@top=\skip51
\sf@bottom=\skip52
)
(/usr/share/texlive/texmf-dist/tex/latex/multirow/multirow.sty
\bigstrutjot=\dimen126
)
(/usr/share/texlive/texmf-dist/tex/latex/xcolor/xcolor.sty
Package: xcolor 2007/01/21 v2.11 LaTeX color extensions (UK)

(/usr/share/texlive/texmf-dist/tex/latex/latexconfig/color.cfg
File: color.cfg 2007/01/18 v1.5 color configuration of teTeX/TeXLive
)
Package xcolor Info: Driver file: pdftex.def on input line 225.
Package xcolor Info: Model `cmy' substituted by `cmy0' on input line 1337.
Package xcolor Info: Model `hsb' substituted by `rgb' on input line 1341.
Package xcolor Info: Model `RGB' extended on input line 1353.
Package xcolor Info: Model `HTML' substituted by `rgb' on input line 1355.
Package xcolor Info: Model `Hsb' substituted by `hsb' on input line 1356.
Package xcolor Info: Model `tHsb' substituted by `hsb' on input line 1357.
Package xcolor Info: Model `HSB' substituted by `hsb' on input line 1358.
Package xcolor Info: Model `Gray' substituted by `gray' on input line 1359.
Package xcolor Info: Model `wave' substituted by `hsb' on input line 1360.
)
(/usr/share/texlive/texmf-dist/tex/latex/setspace/setspace.sty
Package: setspace 2011/12/19 v6.7a set line spacing
) (./main.aux

LaTeX Warning: Label `' multiply defined.


LaTeX Warning: Label `sub@' multiply defined.


LaTeX Warning: Label `' multiply defined.


LaTeX Warning: Label `sub@' multiply defined.


LaTeX Warning: Label `' multiply defined.


LaTeX Warning: Label `sub@' multiply defined.


LaTeX Warning: Label `' multiply defined.


LaTeX Warning: Label `sub@' multiply defined.


LaTeX Warning: Label `' multiply defined.


LaTeX Warning: Label `sub@' multiply defined.


LaTeX Warning: Label `' multiply defined.


LaTeX Warning: Label `sub@' multiply defined.

)
\openout1 = `main.aux'.

LaTeX Font Info:    Checking defaults for OML/cmm/m/it on input line 47.
LaTeX Font Info:    ... okay on input line 47.
LaTeX Font Info:    Checking defaults for T1/cmr/m/n on input line 47.
LaTeX Font Info:    ... okay on input line 47.
LaTeX Font Info:    Checking defaults for OT1/cmr/m/n on input line 47.
LaTeX Font Info:    ... okay on input line 47.
LaTeX Font Info:    Checking defaults for OMS/cmsy/m/n on input line 47.
LaTeX Font Info:    ... okay on input line 47.
LaTeX Font Info:    Checking defaults for OMX/cmex/m/n on input line 47.
LaTeX Font Info:    ... okay on input line 47.
LaTeX Font Info:    Checking defaults for U/cmr/m/n on input line 47.
LaTeX Font Info:    ... okay on input line 47.
LaTeX Font Info:    Checking defaults for PD1/pdf/m/n on input line 47.
LaTeX Font Info:    ... okay on input line 47.
 (/usr/share/texlive/texmf-dist/tex/context/base/supp-pdf.mkii
[Loading MPS to PDF converter (version 2006.09.02).]
\scratchcounter=\count120
\scratchdimen=\dimen127
\scratchbox=\box31
\nofMPsegments=\count121
\nofMParguments=\count122
\everyMPshowfont=\toks18
\MPscratchCnt=\count123
\MPscratchDim=\dimen128
\MPnumerator=\count124
\makeMPintoPDFobject=\count125
\everyMPtoPDFconversion=\toks19
) (/usr/share/texlive/texmf-dist/tex/latex/oberdiek/epstopdf-base.sty
Package: epstopdf-base 2010/02/09 v2.5 Base part for package epstopdf

(/usr/share/texlive/texmf-dist/tex/latex/oberdiek/grfext.sty
Package: grfext 2010/08/19 v1.1 Manage graphics extensions (HO)
)
Package grfext Info: Graphics extension search list:
(grfext)             [.png,.pdf,.jpg,.mps,.jpeg,.jbig2,.jb2,.PNG,.PDF,.JPG,.JPE
G,.JBIG2,.JB2,.eps]
(grfext)             \AppendGraphicsExtensions on input line 452.

(/usr/share/texlive/texmf-dist/tex/latex/latexconfig/epstopdf-sys.cfg
File: epstopdf-sys.cfg 2010/07/13 v1.3 Configuration of (r)epstopdf for TeX Liv
e
))
\AtBeginShipoutBox=\box32
Package hyperref Info: Link coloring OFF on input line 47.

(/usr/share/texlive/texmf-dist/tex/latex/hyperref/nameref.sty
Package: nameref 2012/10/27 v2.43 Cross-referencing by name of section

(/usr/share/texlive/texmf-dist/tex/generic/oberdiek/gettitlestring.sty
Package: gettitlestring 2010/12/03 v1.4 Cleanup title references (HO)
)
\c@section@level=\count126
)
LaTeX Info: Redefining \ref on input line 47.
LaTeX Info: Redefining \pageref on input line 47.
LaTeX Info: Redefining \nameref on input line 47.

(./main.out) (./main.out)
\@outlinefile=\write4
\openout4 = `main.out'.

Package caption Info: Begin \AtBeginDocument code.
Package caption Info: subfig package v1.3 is loaded.
Package caption Info: End \AtBeginDocument code.
LaTeX Font Info:    External font `cmex10' loaded for size
(Font)              <7> on input line 91.
LaTeX Font Info:    External font `cmex10' loaded for size
(Font)              <5> on input line 91.
LaTeX Font Info:    External font `cmex10' loaded for size
(Font)              <8> on input line 110.
LaTeX Font Info:    External font `cmex10' loaded for size
(Font)              <6> on input line 110.
 [1


{/var/lib/texmf/fonts/map/pdftex/updmap/pdftex.map}] [2] [3] [4] <images/cnn_ne
twork_2.png, id=162, 1150.2975pt x 361.35pt>
File: images/cnn_network_2.png Graphic file (type png)

<use images/cnn_network_2.png>
Package pdftex.def Info: images/cnn_network_2.png used on input line 207.
(pdftex.def)             Requested size: 345.09192pt x 108.40584pt.
 [5 <./images/cnn_network_2.png>] [6] [7]
<images/inc_channels.png, id=200, 547.04375pt x 339.2675pt>
File: images/inc_channels.png Graphic file (type png)

<use images/inc_channels.png>
Package pdftex.def Info: images/inc_channels.png used on input line 311.
(pdftex.def)             Requested size: 218.81361pt x 135.70459pt.

<images/sp_channels.png, id=202, 562.1pt x 338.26375pt>
File: images/sp_channels.png Graphic file (type png)

<use images/sp_channels.png>
Package pdftex.def Info: images/sp_channels.png used on input line 325.
(pdftex.def)             Requested size: 224.83601pt x 135.30309pt.
 [8 <./images/inc_channels.png> <./images/sp_channels.png (PNG copy)>] [9] <ima
ges/model1.PNG, id=218, 661.2705pt x 248.72925pt>
File: images/model1.PNG Graphic file (type png)

<use images/model1.PNG>
Package pdftex.def Info: images/model1.PNG used on input line 376.
(pdftex.def)             Requested size: 338.09853pt x 127.17284pt.

<images/elementary_block.png, id=223, 614.295pt x 325.215pt>
File: images/elementary_block.png Graphic file (type png)

<use images/elementary_block.png>
Package pdftex.def Info: images/elementary_block.png used on input line 401.
(pdftex.def)             Requested size: 172.5pt x 91.32257pt.


LaTeX Warning: `h' float specifier changed to `ht'.

[10 <./images/model1.PNG>]
LaTeX Font Info:    Try loading font information for OMS+cmr on input line 414.


(/usr/share/texlive/texmf-dist/tex/latex/base/omscmr.fd
File: omscmr.fd 2014/09/29 v2.5h Standard LaTeX font definitions
)
LaTeX Font Info:    Font shape `OMS/cmr/m/n' in size <10> not available
(Font)              Font shape `OMS/cmsy/m/n' tried instead on input line 414.

<images/model3.PNG, id=234, 662.475pt x 208.98074pt>
File: images/model3.PNG Graphic file (type png)
 <use images/model3.PNG>
Package pdftex.def Info: images/model3.PNG used on input line 435.
(pdftex.def)             Requested size: 341.5519pt x 107.74266pt.


LaTeX Warning: `h' float specifier changed to `ht'.

[11 <./images/elementary_block.png (PNG copy)>] [12 <./images/model3.PNG>]
<images/images5parts.png, id=256, 985.6825pt x 181.67876pt>
File: images/images5parts.png Graphic file (type png)

<use images/images5parts.png>
Package pdftex.def Info: images/images5parts.png used on input line 473.
(pdftex.def)             Requested size: 334.65042pt x 61.68124pt.

<images/model1_loss.png, id=258, 578.16pt x 433.62pt>
File: images/model1_loss.png Graphic file (type png)

<use images/model1_loss.png>
Package pdftex.def Info: images/model1_loss.png used on input line 499.
(pdftex.def)             Requested size: 207.0021pt x 155.24954pt.


LaTeX Warning: `!h' float specifier changed to `!ht'.

[13 <./images/images5parts.png>]
<images/model3_loss.png, id=266, 578.16pt x 433.62pt>
File: images/model3_loss.png Graphic file (type png)

<use images/model3_loss.png>
Package pdftex.def Info: images/model3_loss.png used on input line 517.
(pdftex.def)             Requested size: 207.0021pt x 155.24954pt.
 [14 <./images/model1_loss.png> <./images/model3_loss.png>] [15] <images/fn_acc
uracy.png, id=291, 76.3653pt x 57.3342pt>
File: images/fn_accuracy.png Graphic file (type png)

<use images/fn_accuracy.png>
Package pdftex.def Info: images/fn_accuracy.png used on input line 625.
(pdftex.def)             Requested size: 120.7521pt x 90.66576pt.

<images/plandmark2.png, id=292, 178.9887pt x 133.9404pt>
File: images/plandmark2.png Graphic file (type png)

<use images/plandmark2.png>
Package pdftex.def Info: images/plandmark2.png used on input line 626.
(pdftex.def)             Requested size: 120.7521pt x 90.3609pt.
 [16] [17 <./images/fn_accuracy.png (PNG copy)> <./images/plandmark2.png (PNG c
opy)>]
<images/face_dataset_2.png, id=317, 1915.155pt x 478.78876pt>
File: images/face_dataset_2.png Graphic file (type png)

<use images/face_dataset_2.png>
Package pdftex.def Info: images/face_dataset_2.png used on input line 675.
(pdftex.def)             Requested size: 306.43106pt x 76.60776pt.
 [18 <./images/face_dataset_2.png (PNG copy)>]
<images/charts/fs_lm1.png, id=327, 455.45157pt x 255.95625pt>
File: images/charts/fs_lm1.png Graphic file (type png)

<use images/charts/fs_lm1.png>
Package pdftex.def Info: images/charts/fs_lm1.png used on input line 741.
(pdftex.def)             Requested size: 169.0519pt x 95.00696pt.

<images/charts/fs_lm6.png, id=328, 455.45157pt x 255.95625pt>
File: images/charts/fs_lm6.png Graphic file (type png)

<use images/charts/fs_lm6.png>
Package pdftex.def Info: images/charts/fs_lm6.png used on input line 742.
(pdftex.def)             Requested size: 169.0519pt x 95.00696pt.

<images/charts/fn_lm1.png, id=329, 455.45157pt x 255.95625pt>
File: images/charts/fn_lm1.png Graphic file (type png)

<use images/charts/fn_lm1.png>
Package pdftex.def Info: images/charts/fn_lm1.png used on input line 743.
(pdftex.def)             Requested size: 169.0519pt x 95.00696pt.

<images/charts/fn_lm6.png, id=330, 455.45157pt x 255.95625pt>
File: images/charts/fn_lm6.png Graphic file (type png)

<use images/charts/fn_lm6.png>
Package pdftex.def Info: images/charts/fn_lm6.png used on input line 744.
(pdftex.def)             Requested size: 169.0519pt x 95.00696pt.
 [19] [20 <./images/charts/fs_lm1.png (PNG copy)> <./images/charts/fs_lm6.png (
PNG copy)> <./images/charts/fn_lm1.png (PNG copy)> <./images/charts/fn_lm6.png 
(PNG copy)>]
<images/predicted/Prono_001.JPG, id=349, 46.2528pt x 46.2528pt>
File: images/predicted/Prono_001.JPG Graphic file (type jpg)

<use images/predicted/Prono_001.JPG>
Package pdftex.def Info: images/predicted/Prono_001.JPG used on input line 768.

(pdftex.def)             Requested size: 155.24895pt x 155.25731pt.

<images/predicted/Tete_005.JPG, id=350, 46.2528pt x 46.2528pt>
File: images/predicted/Tete_005.JPG Graphic file (type jpg)

<use images/predicted/Tete_005.JPG>
Package pdftex.def Info: images/predicted/Tete_005.JPG used on input line 769.
(pdftex.def)             Requested size: 155.24895pt x 155.25731pt.

<images/predicted/Elytre004.JPG, id=351, 46.2528pt x 46.2528pt>
File: images/predicted/Elytre004.JPG Graphic file (type jpg)

<use images/predicted/Elytre004.JPG>
Package pdftex.def Info: images/predicted/Elytre004.JPG used on input line 770.

(pdftex.def)             Requested size: 155.24895pt x 155.25731pt.


LaTeX Warning: `!h' float specifier changed to `!ht'.

[21] [22 <./images/predicted/Prono_001.JPG> <./images/predicted/Tete_005.JPG> <
./images/predicted/Elytre004.JPG>] (./main.bbl [23] [24] [25] [26]) [27]
Overfull \hbox (21.16843pt too wide) in paragraph at lines 823--837
 [][] 
 []


Overfull \hbox (21.16843pt too wide) in paragraph at lines 843--858
 [][] 
 []


Overfull \hbox (1.33879pt too wide) in paragraph at lines 867--879
[][] 
 []


Overfull \hbox (1.33879pt too wide) in paragraph at lines 884--898
[][] 
 []


Overfull \hbox (1.33879pt too wide) in paragraph at lines 903--918
[][] 
 []

[28] [29] <images/charts/pronotum_2.png, id=425, 948.54375pt x 694.595pt>
File: images/charts/pronotum_2.png Graphic file (type png)

<use images/charts/pronotum_2.png>
Package pdftex.def Info: images/charts/pronotum_2.png used on input line 928.
(pdftex.def)             Requested size: 327.74895pt x 239.99588pt.

<images/charts/tete_2.png, id=426, 1081.03876pt x 804.00375pt>
File: images/charts/tete_2.png Graphic file (type png)

<use images/charts/tete_2.png>
Package pdftex.def Info: images/charts/tete_2.png used on input line 935.
(pdftex.def)             Requested size: 327.74895pt x 243.75475pt.

<images/charts/elytre_2.png, id=427, 1149.29375pt x 842.14626pt>
File: images/charts/elytre_2.png Graphic file (type png)

<use images/charts/elytre_2.png>
Package pdftex.def Info: images/charts/elytre_2.png used on input line 942.
(pdftex.def)             Requested size: 327.74895pt x 240.15553pt.
Package atveryend Info: Empty hook `BeforeClearDocument' on input line 946.
 [30 <./images/charts/pronotum_2.png>] [31 <./images/charts/tete_2.png> <./imag
es/charts/elytre_2.png (PNG copy)>]
Package atveryend Info: Empty hook `AfterLastShipout' on input line 946.
 (./main.aux)
Package atveryend Info: Executing hook `AtVeryEndDocument' on input line 946.
Package atveryend Info: Executing hook `AtEndAfterFileList' on input line 946.
Package rerunfilecheck Info: File `main.out' has not changed.
(rerunfilecheck)             Checksum: 3FECA853294F11243C345325CDD97125;1021.


LaTeX Warning: There were multiply-defined labels.

Package atveryend Info: Empty hook `AtVeryVeryEnd' on input line 946.
 ) 
Here is how much of TeX's memory you used:
 7916 strings out of 493029
 119519 string characters out of 6136234
 230736 words of memory out of 5000000
 11225 multiletter control sequences out of 15000+600000
 8741 words of font info for 31 fonts, out of 8000000 for 9000
 1141 hyphenation exceptions out of 8191
 36i,12n,49p,871b,540s stack positions out of 5000i,500n,10000p,200000b,80000s
pdfTeX warning (dest): name{Hfootnote.3} has been referenced but does not exi
st, replaced by a fixed one

pdfTeX warning (dest): name{Hfootnote.2} has been referenced but does not exist
, replaced by a fixed one

pdfTeX warning (dest): name{Hfootnote.1} has been referenced but does not exist
, replaced by a fixed one

</usr/share/texlive/texmf-dist/fonts/type1/public/amsfonts/cm/cmbx10.pfb></usr/
share/texlive/texmf-dist/fonts/type1/public/amsfonts/cm/cmmi10.pfb></usr/share/
texlive/texmf-dist/fonts/type1/public/amsfonts/cm/cmmi6.pfb></usr/share/texlive
/texmf-dist/fonts/type1/public/amsfonts/cm/cmmi7.pfb></usr/share/texlive/texmf-
dist/fonts/type1/public/amsfonts/cm/cmmi8.pfb></usr/share/texlive/texmf-dist/fo
nts/type1/public/amsfonts/cm/cmr10.pfb></usr/share/texlive/texmf-dist/fonts/typ
e1/public/amsfonts/cm/cmr12.pfb></usr/share/texlive/texmf-dist/fonts/type1/publ
ic/amsfonts/cm/cmr6.pfb></usr/share/texlive/texmf-dist/fonts/type1/public/amsfo
nts/cm/cmr7.pfb></usr/share/texlive/texmf-dist/fonts/type1/public/amsfonts/cm/c
mr8.pfb></usr/share/texlive/texmf-dist/fonts/type1/public/amsfonts/cm/cmr9.pfb>
</usr/share/texlive/texmf-dist/fonts/type1/public/amsfonts/cm/cmss8.pfb></usr/s
hare/texlive/texmf-dist/fonts/type1/public/amsfonts/cm/cmsy10.pfb></usr/share/t
exlive/texmf-dist/fonts/type1/public/amsfonts/cm/cmsy6.pfb></usr/share/texlive/
texmf-dist/fonts/type1/public/amsfonts/cm/cmsy7.pfb></usr/share/texlive/texmf-d
ist/fonts/type1/public/amsfonts/cm/cmti10.pfb></usr/share/texlive/texmf-dist/fo
nts/type1/public/amsfonts/cm/cmti7.pfb></usr/share/texlive/texmf-dist/fonts/typ
e1/public/amsfonts/cm/cmti8.pfb></usr/share/texlive/texmf-dist/fonts/type1/publ
ic/amsfonts/cm/cmtt10.pfb></usr/share/texlive/texmf-dist/fonts/type1/public/ams
fonts/cm/cmtt8.pfb>
Output written on main.pdf (31 pages, 1880058 bytes).
PDF statistics:
 531 PDF objects out of 1000 (max. 8388607)
 447 compressed objects within 5 object streams
 120 named destinations out of 1000 (max. 500000)
 223 words of extra memory for PDF output out of 10000 (max. 10000000)

