This is pdfTeX, Version 3.14159265-2.6-1.40.19 (MiKTeX 2.9.6840 64-bit) (preloaded format=pdflatex 2018.11.22)  18 MAY 2020 18:22
entering extended mode
**./main_ecolInf.tex
(main_ecolInf.tex
LaTeX2e <2018-04-01> patch level 5
("C:\Program Files\MiKTeX 2.9\tex\latex\elsarticle\elsarticle.cls"
Document Class: elsarticle 2018/06/08, 3.0: Elsevier Ltd
\@bls=\dimen102
("C:\Program Files\MiKTeX 2.9\tex\latex\base\article.cls"
Document Class: article 2014/09/29 v1.4h Standard LaTeX document class
("C:\Program Files\MiKTeX 2.9\tex\latex\base\size10.clo"
File: size10.clo 2014/09/29 v1.4h Standard LaTeX file (size option)
)
\c@part=\count80
\c@section=\count81
\c@subsection=\count82
\c@subsubsection=\count83
\c@paragraph=\count84
\c@subparagraph=\count85
\c@figure=\count86
\c@table=\count87
\abovecaptionskip=\skip41
\belowcaptionskip=\skip42
\bibindent=\dimen103
)
("C:\Program Files\MiKTeX 2.9\tex\latex\graphics\graphicx.sty"
Package: graphicx 2017/06/01 v1.1a Enhanced LaTeX Graphics (DPC,SPQR)

("C:\Program Files\MiKTeX 2.9\tex\latex\graphics\keyval.sty"
Package: keyval 2014/10/28 v1.15 key=value parser (DPC)
\KV@toks@=\toks14
)
("C:\Program Files\MiKTeX 2.9\tex\latex\graphics\graphics.sty"
Package: graphics 2017/06/25 v1.2c Standard LaTeX Graphics (DPC,SPQR)

("C:\Program Files\MiKTeX 2.9\tex\latex\graphics\trig.sty"
Package: trig 2016/01/03 v1.10 sin cos tan (DPC)
)
("C:\Program Files\MiKTeX 2.9\tex\latex\graphics-cfg\graphics.cfg"
File: graphics.cfg 2016/06/04 v1.11 sample graphics configuration
)
Package graphics Info: Driver file: pdftex.def on input line 99.

("C:\Program Files\MiKTeX 2.9\tex\latex\graphics-def\pdftex.def"
File: pdftex.def 2018/01/08 v1.0l Graphics/color driver for pdftex
))
\Gin@req@height=\dimen104
\Gin@req@width=\dimen105
)
\c@tnote=\count88
\c@fnote=\count89
\c@cnote=\count90
\c@ead=\count91
\c@author=\count92
\@eadauthor=\toks15
\c@affn=\count93
\absbox=\box26
\keybox=\box27
\Columnwidth=\dimen106
\space@left=\dimen107
\els@boxa=\box28
\els@boxb=\box29
\leftMargin=\dimen108
\@enLab=\toks16
\@sep=\skip43
\@@sep=\skip44

(main_ecolInf.spl) ("C:\Program Files\MiKTeX 2.9\tex\latex\natbib\natbib.sty"
Package: natbib 2010/09/13 8.31b (PWD, AO)
\bibhang=\skip45
\bibsep=\skip46
LaTeX Info: Redefining \cite on input line 694.
\c@NAT@ctr=\count94
)
\splwrite=\write3
\openout3 = `main_ecolInf.spl'.

\appnamewidth=\dimen109
) ("C:\Program Files\MiKTeX 2.9\tex\latex\lineno\lineno.sty"
Package: lineno 2005/11/02 line numbers on paragraphs v4.41
\linenopenalty=\count95
\output=\toks17
\linenoprevgraf=\count96
\linenumbersep=\dimen110
\linenumberwidth=\dimen111
\c@linenumber=\count97
\c@pagewiselinenumber=\count98
\c@LN@truepage=\count99
\c@internallinenumber=\count100
\c@internallinenumbers=\count101
\quotelinenumbersep=\dimen112
\bframerule=\dimen113
\bframesep=\dimen114
\bframebox=\box30
LaTeX Info: Redefining \\ on input line 3056.
)
("C:\Program Files\MiKTeX 2.9\tex\latex\hyperref\hyperref.sty"
Package: hyperref 2018/09/30 v6.88a Hypertext links for LaTeX

("C:\Program Files\MiKTeX 2.9\tex\generic\oberdiek\hobsub-hyperref.sty"
Package: hobsub-hyperref 2016/05/16 v1.14 Bundle oberdiek, subset hyperref (HO)


("C:\Program Files\MiKTeX 2.9\tex\generic\oberdiek\hobsub-generic.sty"
Package: hobsub-generic 2016/05/16 v1.14 Bundle oberdiek, subset generic (HO)
Package: hobsub 2016/05/16 v1.14 Construct package bundles (HO)
Package: infwarerr 2016/05/16 v1.4 Providing info/warning/error messages (HO)
Package: ltxcmds 2016/05/16 v1.23 LaTeX kernel commands for general use (HO)
Package: ifluatex 2016/05/16 v1.4 Provides the ifluatex switch (HO)
Package ifluatex Info: LuaTeX not detected.
Package: ifvtex 2016/05/16 v1.6 Detect VTeX and its facilities (HO)
Package ifvtex Info: VTeX not detected.
Package: intcalc 2016/05/16 v1.2 Expandable calculations with integers (HO)
Package: ifpdf 2018/09/07 v3.3 Provides the ifpdf switch
Package: etexcmds 2016/05/16 v1.6 Avoid name clashes with e-TeX commands (HO)
Package etexcmds Info: Could not find \expanded.
(etexcmds)             That can mean that you are not using pdfTeX 1.50 or
(etexcmds)             that some package has redefined \expanded.
(etexcmds)             In the latter case, load this package earlier.
Package: kvsetkeys 2016/05/16 v1.17 Key value parser (HO)
Package: kvdefinekeys 2016/05/16 v1.4 Define keys (HO)
Package: pdftexcmds 2018/09/10 v0.29 Utility functions of pdfTeX for LuaTeX (HO
)
Package pdftexcmds Info: LuaTeX not detected.
Package pdftexcmds Info: \pdf@primitive is available.
Package pdftexcmds Info: \pdf@ifprimitive is available.
Package pdftexcmds Info: \pdfdraftmode found.
Package: pdfescape 2016/05/16 v1.14 Implements pdfTeX's escape features (HO)
Package: bigintcalc 2016/05/16 v1.4 Expandable calculations on big integers (HO
)
Package: bitset 2016/05/16 v1.2 Handle bit-vector datatype (HO)
Package: uniquecounter 2016/05/16 v1.3 Provide unlimited unique counter (HO)
)
Package hobsub Info: Skipping package `hobsub' (already loaded).
Package: letltxmacro 2016/05/16 v1.5 Let assignment for LaTeX macros (HO)
Package: hopatch 2016/05/16 v1.3 Wrapper for package hooks (HO)
Package: xcolor-patch 2016/05/16 xcolor patch
Package: atveryend 2016/05/16 v1.9 Hooks at the very end of document (HO)
Package atveryend Info: \enddocument detected (standard20110627).
Package: atbegshi 2016/06/09 v1.18 At begin shipout hook (HO)
Package: refcount 2016/05/16 v3.5 Data extraction from label references (HO)
Package: hycolor 2016/05/16 v1.8 Color options for hyperref/bookmark (HO)
)
("C:\Program Files\MiKTeX 2.9\tex\generic\ifxetex\ifxetex.sty"
Package: ifxetex 2010/09/12 v0.6 Provides ifxetex conditional
)
("C:\Program Files\MiKTeX 2.9\tex\latex\oberdiek\auxhook.sty"
Package: auxhook 2016/05/16 v1.4 Hooks for auxiliary files (HO)
)
("C:\Program Files\MiKTeX 2.9\tex\latex\oberdiek\kvoptions.sty"
Package: kvoptions 2016/05/16 v3.12 Key value format for package options (HO)
)
\@linkdim=\dimen115
\Hy@linkcounter=\count102
\Hy@pagecounter=\count103

("C:\Program Files\MiKTeX 2.9\tex\latex\hyperref\pd1enc.def"
File: pd1enc.def 2018/09/30 v6.88a Hyperref: PDFDocEncoding definition (HO)
Now handling font encoding PD1 ...
... no UTF-8 mapping file for font encoding PD1
)
\Hy@SavedSpaceFactor=\count104

("C:\Program Files\MiKTeX 2.9\tex\latex\00miktex\hyperref.cfg"
File: hyperref.cfg 2002/06/06 v1.2 hyperref configuration of TeXLive
)
Package hyperref Info: Hyper figures OFF on input line 4535.
Package hyperref Info: Link nesting OFF on input line 4540.
Package hyperref Info: Hyper index ON on input line 4543.
Package hyperref Info: Plain pages OFF on input line 4550.
Package hyperref Info: Backreferencing OFF on input line 4555.
Package hyperref Info: Implicit mode ON; LaTeX internals redefined.
Package hyperref Info: Bookmarks ON on input line 4788.
\c@Hy@tempcnt=\count105

("C:\Program Files\MiKTeX 2.9\tex\latex\url\url.sty"
\Urlmuskip=\muskip10
Package: url 2013/09/16  ver 3.4  Verb mode for urls, etc.
)
LaTeX Info: Redefining \url on input line 5141.
\XeTeXLinkMargin=\dimen116
\Fld@menulength=\count106
\Field@Width=\dimen117
\Fld@charsize=\dimen118
Package hyperref Info: Hyper figures OFF on input line 6396.
Package hyperref Info: Link nesting OFF on input line 6401.
Package hyperref Info: Hyper index ON on input line 6404.
Package hyperref Info: backreferencing OFF on input line 6411.
Package hyperref Info: Link coloring OFF on input line 6416.
Package hyperref Info: Link coloring with OCG OFF on input line 6421.
Package hyperref Info: PDF/A mode OFF on input line 6426.
LaTeX Info: Redefining \ref on input line 6466.
LaTeX Info: Redefining \pageref on input line 6470.
\Hy@abspage=\count107
\c@Item=\count108
\c@Hfootnote=\count109
)
Package hyperref Info: Driver (autodetected): hpdftex.

("C:\Program Files\MiKTeX 2.9\tex\latex\hyperref\hpdftex.def"
File: hpdftex.def 2018/09/30 v6.88a Hyperref driver for pdfTeX
\Fld@listcount=\count110
\c@bookmark@seq@number=\count111

("C:\Program Files\MiKTeX 2.9\tex\latex\oberdiek\rerunfilecheck.sty"
Package: rerunfilecheck 2016/05/16 v1.8 Rerun checks for auxiliary files (HO)
Package uniquecounter Info: New unique counter `rerunfilecheck' on input line 2
82.
)
\Hy@SectionHShift=\skip47
)
("C:\Program Files\MiKTeX 2.9\tex\latex\geometry\geometry.sty"
Package: geometry 2018/04/16 v5.8 Page Geometry
\Gm@cnth=\count112
\Gm@cntv=\count113
\c@Gm@tempcnt=\count114
\Gm@bindingoffset=\dimen119
\Gm@wd@mp=\dimen120
\Gm@odd@mp=\dimen121
\Gm@even@mp=\dimen122
\Gm@layoutwidth=\dimen123
\Gm@layoutheight=\dimen124
\Gm@layouthoffset=\dimen125
\Gm@layoutvoffset=\dimen126
\Gm@dimlist=\toks18

("C:\Program Files\MiKTeX 2.9\tex\latex\geometry\geometry.cfg"))
("C:\Program Files\MiKTeX 2.9\tex\latex\amsmath\amsmath.sty"
Package: amsmath 2017/09/02 v2.17a AMS math features
\@mathmargin=\skip48

For additional information on amsmath, use the `?' option.
("C:\Program Files\MiKTeX 2.9\tex\latex\amsmath\amstext.sty"
Package: amstext 2000/06/29 v2.01 AMS text

("C:\Program Files\MiKTeX 2.9\tex\latex\amsmath\amsgen.sty"
File: amsgen.sty 1999/11/30 v2.0 generic functions
\@emptytoks=\toks19
\ex@=\dimen127
))
("C:\Program Files\MiKTeX 2.9\tex\latex\amsmath\amsbsy.sty"
Package: amsbsy 1999/11/29 v1.2d Bold Symbols
\pmbraise@=\dimen128
)
("C:\Program Files\MiKTeX 2.9\tex\latex\amsmath\amsopn.sty"
Package: amsopn 2016/03/08 v2.02 operator names
)
\inf@bad=\count115
LaTeX Info: Redefining \frac on input line 213.
\uproot@=\count116
\leftroot@=\count117
LaTeX Info: Redefining \overline on input line 375.
\classnum@=\count118
\DOTSCASE@=\count119
LaTeX Info: Redefining \ldots on input line 472.
LaTeX Info: Redefining \dots on input line 475.
LaTeX Info: Redefining \cdots on input line 596.
\Mathstrutbox@=\box31
\strutbox@=\box32
\big@size=\dimen129
LaTeX Font Info:    Redeclaring font encoding OML on input line 712.
LaTeX Font Info:    Redeclaring font encoding OMS on input line 713.
\macc@depth=\count120
\c@MaxMatrixCols=\count121
\dotsspace@=\muskip11
\c@parentequation=\count122
\dspbrk@lvl=\count123
\tag@help=\toks20
\row@=\count124
\column@=\count125
\maxfields@=\count126
\andhelp@=\toks21
\eqnshift@=\dimen130
\alignsep@=\dimen131
\tagshift@=\dimen132
\tagwidth@=\dimen133
\totwidth@=\dimen134
\lineht@=\dimen135
\@envbody=\toks22
\multlinegap=\skip49
\multlinetaggap=\skip50
\mathdisplay@stack=\toks23
LaTeX Info: Redefining \[ on input line 2817.
LaTeX Info: Redefining \] on input line 2818.
)
("C:\Program Files\MiKTeX 2.9\tex\latex\caption\subcaption.sty"
Package: subcaption 2018/05/01 v1.1-162 Sub-captions (AR)

("C:\Program Files\MiKTeX 2.9\tex\latex\caption\caption.sty"
Package: caption 2018/10/06 v3.3-154 Customizing captions (AR)

("C:\Program Files\MiKTeX 2.9\tex\latex\caption\caption3.sty"
Package: caption3 2018/09/12 v1.8c caption3 kernel (AR)
Package caption3 Info: TeX engine: e-TeX on input line 64.
\captionmargin=\dimen136
\captionmargin@=\dimen137
\captionwidth=\dimen138
\caption@tempdima=\dimen139
\caption@indent=\dimen140
\caption@parindent=\dimen141
\caption@hangindent=\dimen142
)
\c@caption@flags=\count127
\c@ContinuedFloat=\count128
Package caption Info: hyperref package is loaded.
)
\c@subfigure=\count129
\c@subtable=\count130
)
("C:\Program Files\MiKTeX 2.9\tex\latex\pgf\frontendlayer\tikz.sty"
("C:\Program Files\MiKTeX 2.9\tex\latex\pgf\basiclayer\pgf.sty"
("C:\Program Files\MiKTeX 2.9\tex\latex\pgf\utilities\pgfrcs.sty"
("C:\Program Files\MiKTeX 2.9\tex\generic\pgf\utilities\pgfutil-common.tex"
\pgfutil@everybye=\toks24
\pgfutil@tempdima=\dimen143
\pgfutil@tempdimb=\dimen144

("C:\Program Files\MiKTeX 2.9\tex\generic\pgf\utilities\pgfutil-common-lists.te
x")) ("C:\Program Files\MiKTeX 2.9\tex\generic\pgf\utilities\pgfutil-latex.def"
\pgfutil@abb=\box33
("C:\Program Files\MiKTeX 2.9\tex\latex\ms\everyshi.sty"
Package: everyshi 2001/05/15 v3.00 EveryShipout Package (MS)
))
("C:\Program Files\MiKTeX 2.9\tex\generic\pgf\utilities\pgfrcs.code.tex"
Package: pgfrcs 2015/08/07 v3.0.1a (rcs-revision 1.31)
))
Package: pgf 2015/08/07 v3.0.1a (rcs-revision 1.15)

("C:\Program Files\MiKTeX 2.9\tex\latex\pgf\basiclayer\pgfcore.sty"
("C:\Program Files\MiKTeX 2.9\tex\latex\pgf\systemlayer\pgfsys.sty"
("C:\Program Files\MiKTeX 2.9\tex\generic\pgf\systemlayer\pgfsys.code.tex"
Package: pgfsys 2014/07/09 v3.0.1a (rcs-revision 1.48)

("C:\Program Files\MiKTeX 2.9\tex\generic\pgf\utilities\pgfkeys.code.tex"
\pgfkeys@pathtoks=\toks25
\pgfkeys@temptoks=\toks26

("C:\Program Files\MiKTeX 2.9\tex\generic\pgf\utilities\pgfkeysfiltered.code.te
x"
\pgfkeys@tmptoks=\toks27
))
\pgf@x=\dimen145
\pgf@y=\dimen146
\pgf@xa=\dimen147
\pgf@ya=\dimen148
\pgf@xb=\dimen149
\pgf@yb=\dimen150
\pgf@xc=\dimen151
\pgf@yc=\dimen152
\w@pgf@writea=\write4
\r@pgf@reada=\read1
\c@pgf@counta=\count131
\c@pgf@countb=\count132
\c@pgf@countc=\count133
\c@pgf@countd=\count134
\t@pgf@toka=\toks28
\t@pgf@tokb=\toks29
\t@pgf@tokc=\toks30
 ("C:\Program Files\MiKTeX 2.9\tex\generic\pgf\systemlayer\pgf.cfg"
File: pgf.cfg 2008/05/14  (rcs-revision 1.7)
)
Driver file for pgf: pgfsys-pdftex.def

("C:\Program Files\MiKTeX 2.9\tex\generic\pgf\systemlayer\pgfsys-pdftex.def"
File: pgfsys-pdftex.def 2014/10/11  (rcs-revision 1.35)

("C:\Program Files\MiKTeX 2.9\tex\generic\pgf\systemlayer\pgfsys-common-pdf.def
"
File: pgfsys-common-pdf.def 2013/10/10  (rcs-revision 1.13)
)))
("C:\Program Files\MiKTeX 2.9\tex\generic\pgf\systemlayer\pgfsyssoftpath.code.t
ex"
File: pgfsyssoftpath.code.tex 2013/09/09  (rcs-revision 1.9)
\pgfsyssoftpath@smallbuffer@items=\count135
\pgfsyssoftpath@bigbuffer@items=\count136
)
("C:\Program Files\MiKTeX 2.9\tex\generic\pgf\systemlayer\pgfsysprotocol.code.t
ex"
File: pgfsysprotocol.code.tex 2006/10/16  (rcs-revision 1.4)
)) ("C:\Program Files\MiKTeX 2.9\tex\latex\xcolor\xcolor.sty"
Package: xcolor 2016/05/11 v2.12 LaTeX color extensions (UK)

("C:\Program Files\MiKTeX 2.9\tex\latex\graphics-cfg\color.cfg"
File: color.cfg 2016/01/02 v1.6 sample color configuration
)
Package xcolor Info: Driver file: pdftex.def on input line 225.
Package xcolor Info: Model `cmy' substituted by `cmy0' on input line 1348.
Package xcolor Info: Model `hsb' substituted by `rgb' on input line 1352.
Package xcolor Info: Model `RGB' extended on input line 1364.
Package xcolor Info: Model `HTML' substituted by `rgb' on input line 1366.
Package xcolor Info: Model `Hsb' substituted by `hsb' on input line 1367.
Package xcolor Info: Model `tHsb' substituted by `hsb' on input line 1368.
Package xcolor Info: Model `HSB' substituted by `hsb' on input line 1369.
Package xcolor Info: Model `Gray' substituted by `gray' on input line 1370.
Package xcolor Info: Model `wave' substituted by `hsb' on input line 1371.
)
("C:\Program Files\MiKTeX 2.9\tex\generic\pgf\basiclayer\pgfcore.code.tex"
Package: pgfcore 2010/04/11 v3.0.1a (rcs-revision 1.7)

("C:\Program Files\MiKTeX 2.9\tex\generic\pgf\math\pgfmath.code.tex"
("C:\Program Files\MiKTeX 2.9\tex\generic\pgf\math\pgfmathcalc.code.tex"
("C:\Program Files\MiKTeX 2.9\tex\generic\pgf\math\pgfmathutil.code.tex")
("C:\Program Files\MiKTeX 2.9\tex\generic\pgf\math\pgfmathparser.code.tex"
\pgfmath@dimen=\dimen153
\pgfmath@count=\count137
\pgfmath@box=\box34
\pgfmath@toks=\toks31
\pgfmath@stack@operand=\toks32
\pgfmath@stack@operation=\toks33
)
("C:\Program Files\MiKTeX 2.9\tex\generic\pgf\math\pgfmathfunctions.code.tex"
("C:\Program Files\MiKTeX 2.9\tex\generic\pgf\math\pgfmathfunctions.basic.code.
tex")
("C:\Program Files\MiKTeX 2.9\tex\generic\pgf\math\pgfmathfunctions.trigonometr
ic.code.tex")
("C:\Program Files\MiKTeX 2.9\tex\generic\pgf\math\pgfmathfunctions.random.code
.tex")
("C:\Program Files\MiKTeX 2.9\tex\generic\pgf\math\pgfmathfunctions.comparison.
code.tex")
("C:\Program Files\MiKTeX 2.9\tex\generic\pgf\math\pgfmathfunctions.base.code.t
ex")
("C:\Program Files\MiKTeX 2.9\tex\generic\pgf\math\pgfmathfunctions.round.code.
tex")
("C:\Program Files\MiKTeX 2.9\tex\generic\pgf\math\pgfmathfunctions.misc.code.t
ex")
("C:\Program Files\MiKTeX 2.9\tex\generic\pgf\math\pgfmathfunctions.integerarit
hmetics.code.tex")))
("C:\Program Files\MiKTeX 2.9\tex\generic\pgf\math\pgfmathfloat.code.tex"
\c@pgfmathroundto@lastzeros=\count138
))
("C:\Program Files\MiKTeX 2.9\tex\generic\pgf\basiclayer\pgfcorepoints.code.tex
"
File: pgfcorepoints.code.tex 2013/10/07  (rcs-revision 1.27)
\pgf@picminx=\dimen154
\pgf@picmaxx=\dimen155
\pgf@picminy=\dimen156
\pgf@picmaxy=\dimen157
\pgf@pathminx=\dimen158
\pgf@pathmaxx=\dimen159
\pgf@pathminy=\dimen160
\pgf@pathmaxy=\dimen161
\pgf@xx=\dimen162
\pgf@xy=\dimen163
\pgf@yx=\dimen164
\pgf@yy=\dimen165
\pgf@zx=\dimen166
\pgf@zy=\dimen167
)
("C:\Program Files\MiKTeX 2.9\tex\generic\pgf\basiclayer\pgfcorepathconstruct.c
ode.tex"
File: pgfcorepathconstruct.code.tex 2013/10/07  (rcs-revision 1.29)
\pgf@path@lastx=\dimen168
\pgf@path@lasty=\dimen169
)
("C:\Program Files\MiKTeX 2.9\tex\generic\pgf\basiclayer\pgfcorepathusage.code.
tex"
File: pgfcorepathusage.code.tex 2014/11/02  (rcs-revision 1.24)
\pgf@shorten@end@additional=\dimen170
\pgf@shorten@start@additional=\dimen171
)
("C:\Program Files\MiKTeX 2.9\tex\generic\pgf\basiclayer\pgfcorescopes.code.tex
"
File: pgfcorescopes.code.tex 2015/05/08  (rcs-revision 1.46)
\pgfpic=\box35
\pgf@hbox=\box36
\pgf@layerbox@main=\box37
\pgf@picture@serial@count=\count139
)
("C:\Program Files\MiKTeX 2.9\tex\generic\pgf\basiclayer\pgfcoregraphicstate.co
de.tex"
File: pgfcoregraphicstate.code.tex 2014/11/02  (rcs-revision 1.12)
\pgflinewidth=\dimen172
)
("C:\Program Files\MiKTeX 2.9\tex\generic\pgf\basiclayer\pgfcoretransformations
.code.tex"
File: pgfcoretransformations.code.tex 2015/08/07  (rcs-revision 1.20)
\pgf@pt@x=\dimen173
\pgf@pt@y=\dimen174
\pgf@pt@temp=\dimen175
)
("C:\Program Files\MiKTeX 2.9\tex\generic\pgf\basiclayer\pgfcorequick.code.tex"
File: pgfcorequick.code.tex 2008/10/09  (rcs-revision 1.3)
)
("C:\Program Files\MiKTeX 2.9\tex\generic\pgf\basiclayer\pgfcoreobjects.code.te
x"
File: pgfcoreobjects.code.tex 2006/10/11  (rcs-revision 1.2)
)
("C:\Program Files\MiKTeX 2.9\tex\generic\pgf\basiclayer\pgfcorepathprocessing.
code.tex"
File: pgfcorepathprocessing.code.tex 2013/09/09  (rcs-revision 1.9)
)
("C:\Program Files\MiKTeX 2.9\tex\generic\pgf\basiclayer\pgfcorearrows.code.tex
"
File: pgfcorearrows.code.tex 2015/05/14  (rcs-revision 1.43)
\pgfarrowsep=\dimen176
)
("C:\Program Files\MiKTeX 2.9\tex\generic\pgf\basiclayer\pgfcoreshade.code.tex"
File: pgfcoreshade.code.tex 2013/07/15  (rcs-revision 1.15)
\pgf@max=\dimen177
\pgf@sys@shading@range@num=\count140
) ("C:\Program Files\MiKTeX 2.9\tex\generic\pgf\basiclayer\pgfcoreimage.code.te
x"
File: pgfcoreimage.code.tex 2013/07/15  (rcs-revision 1.18)

("C:\Program Files\MiKTeX 2.9\tex\generic\pgf\basiclayer\pgfcoreexternal.code.t
ex"
File: pgfcoreexternal.code.tex 2014/07/09  (rcs-revision 1.21)
\pgfexternal@startupbox=\box38
))
("C:\Program Files\MiKTeX 2.9\tex\generic\pgf\basiclayer\pgfcorelayers.code.tex
"
File: pgfcorelayers.code.tex 2013/07/18  (rcs-revision 1.7)
)
("C:\Program Files\MiKTeX 2.9\tex\generic\pgf\basiclayer\pgfcoretransparency.co
de.tex"
File: pgfcoretransparency.code.tex 2013/09/30  (rcs-revision 1.5)
)
("C:\Program Files\MiKTeX 2.9\tex\generic\pgf\basiclayer\pgfcorepatterns.code.t
ex"
File: pgfcorepatterns.code.tex 2013/11/07  (rcs-revision 1.5)
)))
("C:\Program Files\MiKTeX 2.9\tex\generic\pgf\modules\pgfmoduleshapes.code.tex"
File: pgfmoduleshapes.code.tex 2014/03/21  (rcs-revision 1.35)
\pgfnodeparttextbox=\box39
) ("C:\Program Files\MiKTeX 2.9\tex\generic\pgf\modules\pgfmoduleplot.code.tex"
File: pgfmoduleplot.code.tex 2015/08/03  (rcs-revision 1.13)
)
("C:\Program Files\MiKTeX 2.9\tex\latex\pgf\compatibility\pgfcomp-version-0-65.
sty"
Package: pgfcomp-version-0-65 2007/07/03 v3.0.1a (rcs-revision 1.7)
\pgf@nodesepstart=\dimen178
\pgf@nodesepend=\dimen179
)
("C:\Program Files\MiKTeX 2.9\tex\latex\pgf\compatibility\pgfcomp-version-1-18.
sty"
Package: pgfcomp-version-1-18 2007/07/23 v3.0.1a (rcs-revision 1.1)
)) ("C:\Program Files\MiKTeX 2.9\tex\latex\pgf\utilities\pgffor.sty"
("C:\Program Files\MiKTeX 2.9\tex\latex\pgf\utilities\pgfkeys.sty"
("C:\Program Files\MiKTeX 2.9\tex\generic\pgf\utilities\pgfkeys.code.tex"))
("C:\Program Files\MiKTeX 2.9\tex\latex\pgf\math\pgfmath.sty"
("C:\Program Files\MiKTeX 2.9\tex\generic\pgf\math\pgfmath.code.tex"))
("C:\Program Files\MiKTeX 2.9\tex\generic\pgf\utilities\pgffor.code.tex"
Package: pgffor 2013/12/13 v3.0.1a (rcs-revision 1.25)

("C:\Program Files\MiKTeX 2.9\tex\generic\pgf\math\pgfmath.code.tex")
\pgffor@iter=\dimen180
\pgffor@skip=\dimen181
\pgffor@stack=\toks34
\pgffor@toks=\toks35
))
("C:\Program Files\MiKTeX 2.9\tex\generic\pgf\frontendlayer\tikz\tikz.code.tex"
Package: tikz 2015/08/07 v3.0.1a (rcs-revision 1.151)

("C:\Program Files\MiKTeX 2.9\tex\generic\pgf\libraries\pgflibraryplothandlers.
code.tex"
File: pgflibraryplothandlers.code.tex 2013/08/31 v3.0.1a (rcs-revision 1.20)
\pgf@plot@mark@count=\count141
\pgfplotmarksize=\dimen182
)
\tikz@lastx=\dimen183
\tikz@lasty=\dimen184
\tikz@lastxsaved=\dimen185
\tikz@lastysaved=\dimen186
\tikzleveldistance=\dimen187
\tikzsiblingdistance=\dimen188
\tikz@figbox=\box40
\tikz@figbox@bg=\box41
\tikz@tempbox=\box42
\tikz@tempbox@bg=\box43
\tikztreelevel=\count142
\tikznumberofchildren=\count143
\tikznumberofcurrentchild=\count144
\tikz@fig@count=\count145

("C:\Program Files\MiKTeX 2.9\tex\generic\pgf\modules\pgfmodulematrix.code.tex"
File: pgfmodulematrix.code.tex 2013/09/17  (rcs-revision 1.8)
\pgfmatrixcurrentrow=\count146
\pgfmatrixcurrentcolumn=\count147
\pgf@matrix@numberofcolumns=\count148
)
\tikz@expandcount=\count149

("C:\Program Files\MiKTeX 2.9\tex\generic\pgf\frontendlayer\tikz\libraries\tikz
librarytopaths.code.tex"
File: tikzlibrarytopaths.code.tex 2008/06/17 v3.0.1a (rcs-revision 1.2)
)))
("C:\Program Files\MiKTeX 2.9\tex\latex\multirow\multirow.sty"
Package: multirow 2018/08/03 v2.3 Span multiple rows of a table
\multirow@colwidth=\skip51
\multirow@cntb=\count150
\multirow@dima=\skip52
\bigstrutjot=\dimen189
)
(main_ecolInf.aux

LaTeX Warning: Label `' multiply defined.


LaTeX Warning: Label `sub@' multiply defined.


LaTeX Warning: Label `' multiply defined.


LaTeX Warning: Label `sub@' multiply defined.


LaTeX Warning: Label `' multiply defined.


LaTeX Warning: Label `sub@' multiply defined.


LaTeX Warning: Label `' multiply defined.


LaTeX Warning: Label `sub@' multiply defined.


LaTeX Warning: Label `' multiply defined.


LaTeX Warning: Label `sub@' multiply defined.


LaTeX Warning: Label `' multiply defined.


LaTeX Warning: Label `sub@' multiply defined.


LaTeX Warning: Label `' multiply defined.


LaTeX Warning: Label `sub@' multiply defined.


LaTeX Warning: Label `' multiply defined.


LaTeX Warning: Label `sub@' multiply defined.


LaTeX Warning: Label `' multiply defined.


LaTeX Warning: Label `sub@' multiply defined.


LaTeX Warning: Label `' multiply defined.


LaTeX Warning: Label `sub@' multiply defined.


LaTeX Warning: Label `' multiply defined.


LaTeX Warning: Label `sub@' multiply defined.


LaTeX Warning: Label `' multiply defined.


LaTeX Warning: Label `sub@' multiply defined.


LaTeX Warning: Label `' multiply defined.


LaTeX Warning: Label `sub@' multiply defined.


LaTeX Warning: Label `' multiply defined.


LaTeX Warning: Label `sub@' multiply defined.

)
\openout1 = `main_ecolInf.aux'.

LaTeX Font Info:    Checking defaults for OML/cmm/m/it on input line 55.
LaTeX Font Info:    ... okay on input line 55.
LaTeX Font Info:    Checking defaults for T1/cmr/m/n on input line 55.
LaTeX Font Info:    ... okay on input line 55.
LaTeX Font Info:    Checking defaults for OT1/cmr/m/n on input line 55.
LaTeX Font Info:    ... okay on input line 55.
LaTeX Font Info:    Checking defaults for OMS/cmsy/m/n on input line 55.
LaTeX Font Info:    ... okay on input line 55.
LaTeX Font Info:    Checking defaults for OMX/cmex/m/n on input line 55.
LaTeX Font Info:    ... okay on input line 55.
LaTeX Font Info:    Checking defaults for U/cmr/m/n on input line 55.
LaTeX Font Info:    ... okay on input line 55.
LaTeX Font Info:    Checking defaults for PD1/pdf/m/n on input line 55.
LaTeX Font Info:    ... okay on input line 55.
 ("C:\Program Files\MiKTeX 2.9\tex\context\base\supp-pdf.mkii"
[Loading MPS to PDF converter (version 2006.09.02).]
\scratchcounter=\count151
\scratchdimen=\dimen190
\scratchbox=\box44
\nofMPsegments=\count152
\nofMParguments=\count153
\everyMPshowfont=\toks36
\MPscratchCnt=\count154
\MPscratchDim=\dimen191
\MPnumerator=\count155
\makeMPintoPDFobject=\count156
\everyMPtoPDFconversion=\toks37
) ("C:\Program Files\MiKTeX 2.9\tex\latex\oberdiek\epstopdf-base.sty"
Package: epstopdf-base 2016/05/15 v2.6 Base part for package epstopdf

("C:\Program Files\MiKTeX 2.9\tex\latex\oberdiek\grfext.sty"
Package: grfext 2016/05/16 v1.2 Manage graphics extensions (HO)
)
Package epstopdf-base Info: Redefining graphics rule for `.eps' on input line 4
38.
Package grfext Info: Graphics extension search list:
(grfext)             [.pdf,.png,.jpg,.mps,.jpeg,.jbig2,.jb2,.PDF,.PNG,.JPG,.JPE
G,.JBIG2,.JB2,.eps]
(grfext)             \AppendGraphicsExtensions on input line 456.
)
\AtBeginShipoutBox=\box45
Package hyperref Info: Link coloring OFF on input line 55.

("C:\Program Files\MiKTeX 2.9\tex\latex\hyperref\nameref.sty"
Package: nameref 2016/05/21 v2.44 Cross-referencing by name of section

("C:\Program Files\MiKTeX 2.9\tex\generic\oberdiek\gettitlestring.sty"
Package: gettitlestring 2016/05/16 v1.5 Cleanup title references (HO)
)
\c@section@level=\count157
)
LaTeX Info: Redefining \ref on input line 55.
LaTeX Info: Redefining \pageref on input line 55.
LaTeX Info: Redefining \nameref on input line 55.

(main_ecolInf.out) (main_ecolInf.out)
\@outlinefile=\write5
\openout5 = `main_ecolInf.out'.


*geometry* driver: auto-detecting
*geometry* detected driver: pdftex
*geometry* verbose mode - [ preamble ] result:
* driver: pdftex
* paper: <default>
* layout: <same size as paper>
* layoutoffset:(h,v)=(0.0pt,0.0pt)
* modes: 
* h-part:(L,W,R)=(56.9055pt, 500.484pt, 56.9055pt)
* v-part:(T,H,B)=(56.9055pt, 681.15898pt, 56.9055pt)
* \paperwidth=614.295pt
* \paperheight=794.96999pt
* \textwidth=500.484pt
* \textheight=681.15898pt
* \oddsidemargin=-15.36449pt
* \evensidemargin=-15.36449pt
* \topmargin=-52.36449pt
* \headheight=12.0pt
* \headsep=25.0pt
* \topskip=10.0pt
* \footskip=30.0pt
* \marginparwidth=65.0pt
* \marginparsep=11.0pt
* \columnsep=10.0pt
* \skip\footins=24.0pt
* \hoffset=0.0pt
* \voffset=0.0pt
* \mag=1000
* \@twocolumnfalse
* \@twosidefalse
* \@mparswitchfalse
* \@reversemarginfalse
* (1in=72.27pt=25.4mm, 1cm=28.453pt)

Package caption Info: Begin \AtBeginDocument code.
Package caption Info: End \AtBeginDocument code.
ABD: EveryShipout initializing macros
Overfull \hbox (2.22221pt too wide) has occurred while \output is active
[] 
 []


Package hyperref Warning: Token not allowed in a PDF string (PDFDocEncoding):
(hyperref)                removing `\<def>-command' on input line 108.


Package hyperref Warning: Token not allowed in a PDF string (PDFDocEncoding):
(hyperref)                removing `\cnotenum' on input line 108.


Package hyperref Warning: Token not allowed in a PDF string (PDFDocEncoding):
(hyperref)                removing `\<def>-command' on input line 108.


Package hyperref Warning: Token not allowed in a PDF string (PDFDocEncoding):
(hyperref)                removing `\@corref' on input line 108.


Package hyperref Warning: Token not allowed in a PDF string (PDFDocEncoding):
(hyperref)                removing `\<let>-command' on input line 108.


Package hyperref Warning: Token not allowed in a PDF string (PDFDocEncoding):
(hyperref)                removing `\comma' on input line 108.


Package hyperref Warning: Token not allowed in a PDF string (PDFDocEncoding):
(hyperref)                removing `\<def>-command' on input line 108.


Package hyperref Warning: Token not allowed in a PDF string (PDFDocEncoding):
(hyperref)                removing `\@fnmark' on input line 108.


Package hyperref Warning: Token not allowed in a PDF string (PDFDocEncoding):
(hyperref)                removing `\<let>-command' on input line 108.


Package hyperref Warning: Token not allowed in a PDF string (PDFDocEncoding):
(hyperref)                removing `\comma' on input line 108.


Package hyperref Warning: Token not allowed in a PDF string (PDFDocEncoding):
(hyperref)                removing `\<def>-command' on input line 108.


Package hyperref Warning: Token not allowed in a PDF string (PDFDocEncoding):
(hyperref)                removing `\@fnmark' on input line 108.

[1


{C:/Users/LinhPC/AppData/Local/MiKTeX/2.9/pdftex/config/pdftex.map}] [2]
[3]
<images/beetle2.png, id=197, 322.806pt x 157.7895pt>
File: images/beetle2.png Graphic file (type png)
<use images/beetle2.png>
Package pdftex.def Info: images/beetle2.png  used on input line 140.
(pdftex.def)             Requested size: 300.29344pt x 146.79567pt.
<./images/Prono_010.jpg, id=201, 192.72pt x 192.72pt>
File: ./images/Prono_010.jpg Graphic file (type jpg)
<use ./images/Prono_010.jpg>
Package pdftex.def Info: ./images/Prono_010.jpg  used on input line 152.
(pdftex.def)             Requested size: 95.09317pt x 95.09232pt.
<./images/Tete_009.jpg, id=202, 192.72pt x 192.72pt>
File: ./images/Tete_009.jpg Graphic file (type jpg)
<use ./images/Tete_009.jpg>
Package pdftex.def Info: ./images/Tete_009.jpg  used on input line 153.
(pdftex.def)             Requested size: 95.09317pt x 95.09232pt.
<./images/Elytre119.jpg, id=203, 192.72pt x 192.72pt>
File: ./images/Elytre119.jpg Graphic file (type jpg)
<use ./images/Elytre119.jpg>
Package pdftex.def Info: ./images/Elytre119.jpg  used on input line 154.
(pdftex.def)             Requested size: 95.09317pt x 95.09232pt.
<./images/Mg_021.jpg, id=204, 192.72pt x 192.72pt>
File: ./images/Mg_021.jpg Graphic file (type jpg)
<use ./images/Mg_021.jpg>
Package pdftex.def Info: ./images/Mg_021.jpg  used on input line 155.
(pdftex.def)             Requested size: 95.09317pt x 95.09232pt.
<./images/Md_015.jpg, id=205, 192.72pt x 192.72pt>
File: ./images/Md_015.jpg Graphic file (type jpg)
<use ./images/Md_015.jpg>
Package pdftex.def Info: ./images/Md_015.jpg  used on input line 156.
(pdftex.def)             Requested size: 95.09317pt x 95.09232pt.

Overfull \hbox (1.64842pt too wide) in paragraph at lines 152--156
 [][]   []   []   []   [] 
 []

<./images/pronotum_mlm.png, id=206, 192.72pt x 272.01625pt>
File: ./images/pronotum_mlm.png Graphic file (type png)
<use ./images/pronotum_mlm.png>
Package pdftex.def Info: ./images/pronotum_mlm.png  used on input line 157.
(pdftex.def)             Requested size: 95.09317pt x 134.21886pt.
<./images/tete_mlm.png, id=207, 192.72pt x 272.01625pt>
File: ./images/tete_mlm.png Graphic file (type png)
<use ./images/tete_mlm.png>
Package pdftex.def Info: ./images/tete_mlm.png  used on input line 158.
(pdftex.def)             Requested size: 95.09317pt x 134.21886pt.
<./images/elytre_mlm.png, id=208, 192.72pt x 272.01625pt>
File: ./images/elytre_mlm.png Graphic file (type png)
<use ./images/elytre_mlm.png>
Package pdftex.def Info: ./images/elytre_mlm.png  used on input line 159.
(pdftex.def)             Requested size: 95.09317pt x 134.21886pt.
<./images/lmandible_mlm.png, id=209, 192.72pt x 272.01625pt>
File: ./images/lmandible_mlm.png Graphic file (type png)
<use ./images/lmandible_mlm.png>
Package pdftex.def Info: ./images/lmandible_mlm.png  used on input line 160.
(pdftex.def)             Requested size: 95.09317pt x 134.21886pt.
<./images/rmandible_mlm.png, id=210, 192.72pt x 272.01625pt>
File: ./images/rmandible_mlm.png Graphic file (type png)
<use ./images/rmandible_mlm.png>
Package pdftex.def Info: ./images/rmandible_mlm.png  used on input line 161.
(pdftex.def)             Requested size: 95.09317pt x 134.21886pt.

Overfull \hbox (1.64842pt too wide) in paragraph at lines 157--161
 [][]   []   []   []   [] 
 []


LaTeX Warning: `!h' float specifier changed to `!ht'.

[4 <./images/beetle2.png>]
<./images/inc_channels.png, id=223, 547.04375pt x 339.2675pt>
File: ./images/inc_channels.png Graphic file (type png)
<use ./images/inc_channels.png>
Package pdftex.def Info: ./images/inc_channels.png  used on input line 173.
(pdftex.def)             Requested size: 245.2399pt x 152.09433pt.
<./images/sp_channels.png, id=224, 562.1pt x 338.26375pt>
File: ./images/sp_channels.png Graphic file (type png)
<use ./images/sp_channels.png>
Package pdftex.def Info: ./images/sp_channels.png  used on input line 174.
(pdftex.def)             Requested size: 245.2399pt x 147.58226pt.
 [5 <./images/Prono_010.jpg> <./images/Tete_009.jpg> <./images/Elytre119.jpg> <
./images/Mg_021.jpg> <./images/Md_015.jpg> <./images/pronotum_mlm.png> <./image
s/tete_mlm.png> <./images/elytre_mlm.png> <./images/lmandible_mlm.png> <./image
s/rmandible_mlm.png> <./images/inc_channels.png> <./images/sp_channels.png (PNG
 copy)>]
<images/eblock.png, id=245, 548.0475pt x 286.06876pt>
File: images/eblock.png Graphic file (type png)
<use images/eblock.png>
Package pdftex.def Info: images/eblock.png  used on input line 198.
(pdftex.def)             Requested size: 250.24199pt x 130.62418pt.
 [6 <./images/eblock.png>]
<images/arch_model.png, id=258, 1637.11626pt x 283.0575pt>
File: images/arch_model.png Graphic file (type png)
<use images/arch_model.png>
Package pdftex.def Info: images/arch_model.png  used on input line 233.
(pdftex.def)             Requested size: 495.48189pt x 85.66942pt.
 [7 <./images/arch_model.png>]
<./images/loss_v16.png, id=276, 578.16pt x 433.62pt>
File: ./images/loss_v16.png Graphic file (type png)
<use ./images/loss_v16.png>
Package pdftex.def Info: ./images/loss_v16.png  used on input line 269.
(pdftex.def)             Requested size: 225.21626pt x 168.91261pt.


LaTeX Warning: `!h' float specifier changed to `!ht'.


LaTeX Warning: `!h' float specifier changed to `!ht'.

[8]
<images/Prono_001_2.png, id=288, 46.2528pt x 46.2528pt>
File: images/Prono_001_2.png Graphic file (type png)
<use images/Prono_001_2.png>
Package pdftex.def Info: images/Prono_001_2.png  used on input line 292.
(pdftex.def)             Requested size: 150.14671pt x 150.15536pt.
<images/Tete_006_2.png, id=289, 77.088pt x 77.088pt>
File: images/Tete_006_2.png Graphic file (type png)
<use images/Tete_006_2.png>
Package pdftex.def Info: images/Tete_006_2.png  used on input line 293.
(pdftex.def)             Requested size: 150.14671pt x 150.16452pt.
<images/Elytre007_2.png, id=290, 192.72pt x 192.72pt>
File: images/Elytre007_2.png Graphic file (type png)
<use images/Elytre007_2.png>
Package pdftex.def Info: images/Elytre007_2.png  used on input line 294.
(pdftex.def)             Requested size: 150.14671pt x 150.14453pt.
 [9 <./images/loss_v16.png> <./images/Prono_001_2.png> <./images/Tete_006_2.png
> <./images/Elytre007_2.png>]
<./images/fs_lm1.png, id=302, 455.45157pt x 255.95625pt>
File: ./images/fs_lm1.png Graphic file (type png)
<use ./images/fs_lm1.png>
Package pdftex.def Info: ./images/fs_lm1.png  used on input line 318.
(pdftex.def)             Requested size: 220.21417pt x 123.75978pt.
<./images/fs_lm6.png, id=303, 455.45157pt x 255.95625pt>
File: ./images/fs_lm6.png Graphic file (type png)
<use ./images/fs_lm6.png>
Package pdftex.def Info: ./images/fs_lm6.png  used on input line 319.
(pdftex.def)             Requested size: 220.21417pt x 123.75978pt.
<./images/head6_fs.png, id=304, 455.45157pt x 255.95625pt>
File: ./images/head6_fs.png Graphic file (type png)
<use ./images/head6_fs.png>
Package pdftex.def Info: ./images/head6_fs.png  used on input line 320.
(pdftex.def)             Requested size: 220.21417pt x 123.75978pt.
<./images/head1_fs.png, id=305, 455.45157pt x 255.95625pt>
File: ./images/head1_fs.png Graphic file (type png)
<use ./images/head1_fs.png>
Package pdftex.def Info: ./images/head1_fs.png  used on input line 321.
(pdftex.def)             Requested size: 220.21417pt x 123.75978pt.
<./images/elytre1_fs.png, id=306, 455.45157pt x 255.95625pt>
File: ./images/elytre1_fs.png Graphic file (type png)
<use ./images/elytre1_fs.png>
Package pdftex.def Info: ./images/elytre1_fs.png  used on input line 322.
(pdftex.def)             Requested size: 220.21417pt x 123.75978pt.
<./images/elytre8_fs.png, id=307, 455.45157pt x 255.95625pt>
File: ./images/elytre8_fs.png Graphic file (type png)
<use ./images/elytre8_fs.png>
Package pdftex.def Info: ./images/elytre8_fs.png  used on input line 323.
(pdftex.def)             Requested size: 220.21417pt x 123.75978pt.


LaTeX Warning: `!h' float specifier changed to `!ht'.

LaTeX Font Info:    Try loading font information for OMS+cmr on input line 333.

("C:\Program Files\MiKTeX 2.9\tex\latex\base\omscmr.fd"
File: omscmr.fd 2014/09/29 v2.5h Standard LaTeX font definitions
)
LaTeX Font Info:    Font shape `OMS/cmr/m/n' in size <10> not available
(Font)              Font shape `OMS/cmsy/m/n' tried instead on input line 333.
 [10] [11 <./images/fs_lm1.png (PNG copy)> <./images/fs_lm6.png (PNG copy)> <./
images/head6_fs.png (PNG copy)> <./images/head1_fs.png (PNG copy)> <./images/el
ytre1_fs.png (PNG copy)> <./images/elytre8_fs.png (PNG copy)>]
<images/face_dataset_2.png, id=337, 1915.155pt x 478.78876pt>
File: images/face_dataset_2.png Graphic file (type png)
<use images/face_dataset_2.png>
Package pdftex.def Info: images/face_dataset_2.png  used on input line 346.
(pdftex.def)             Requested size: 400.38872pt x 100.09564pt.
 [12 <./images/face_dataset_2.png (PNG copy)>]

LaTeX Warning: `!h' float specifier changed to `!ht'.


LaTeX Warning: `!h' float specifier changed to `!ht'.


LaTeX Warning: `!h' float specifier changed to `!ht'.

[13]
File: ./images/fs_lm1.png Graphic file (type png)
<use ./images/fs_lm1.png>
Package pdftex.def Info: ./images/fs_lm1.png  used on input line 440.
(pdftex.def)             Requested size: 235.22807pt x 132.19582pt.
<./images/fn_lm1.png, id=362, 455.45157pt x 255.95625pt>
File: ./images/fn_lm1.png Graphic file (type png)
<use ./images/fn_lm1.png>
Package pdftex.def Info: ./images/fn_lm1.png  used on input line 441.
(pdftex.def)             Requested size: 235.22807pt x 132.19582pt.
File: ./images/fs_lm6.png Graphic file (type png)
<use ./images/fs_lm6.png>
Package pdftex.def Info: ./images/fs_lm6.png  used on input line 442.
(pdftex.def)             Requested size: 235.22807pt x 132.19582pt.
<./images/fn_lm6.png, id=363, 455.45157pt x 255.95625pt>
File: ./images/fn_lm6.png Graphic file (type png)
<use ./images/fn_lm6.png>
Package pdftex.def Info: ./images/fn_lm6.png  used on input line 443.
(pdftex.def)             Requested size: 235.22807pt x 132.19582pt.


LaTeX Warning: `!h' float specifier changed to `!ht'.

File: ./images/head6_fs.png Graphic file (type png)
<use ./images/head6_fs.png>
Package pdftex.def Info: ./images/head6_fs.png  used on input line 450.
(pdftex.def)             Requested size: 225.21626pt x 126.56789pt.
<./images/head6_fn.png, id=364, 455.45157pt x 255.95625pt>
File: ./images/head6_fn.png Graphic file (type png)
<use ./images/head6_fn.png>
Package pdftex.def Info: ./images/head6_fn.png  used on input line 451.
(pdftex.def)             Requested size: 225.21626pt x 126.56789pt.
File: ./images/head1_fs.png Graphic file (type png)
<use ./images/head1_fs.png>
Package pdftex.def Info: ./images/head1_fs.png  used on input line 452.
(pdftex.def)             Requested size: 225.21626pt x 126.56789pt.
<./images/head1_fn.png, id=365, 456.95718pt x 257.46187pt>
File: ./images/head1_fn.png Graphic file (type png)
<use ./images/head1_fn.png>
Package pdftex.def Info: ./images/head1_fn.png  used on input line 453.
(pdftex.def)             Requested size: 225.21626pt x 126.89204pt.

LaTeX Warning: `!h' float specifier changed to `!ht'.

File: ./images/elytre1_fs.png Graphic file (type png)
<use ./images/elytre1_fs.png>
Package pdftex.def Info: ./images/elytre1_fs.png  used on input line 460.
(pdftex.def)             Requested size: 225.21626pt x 126.56789pt.
<./images/elytre1_fn.png, id=366, 455.45157pt x 255.95625pt>
File: ./images/elytre1_fn.png Graphic file (type png)
<use ./images/elytre1_fn.png>
Package pdftex.def Info: ./images/elytre1_fn.png  used on input line 461.
(pdftex.def)             Requested size: 225.21626pt x 126.56789pt.
File: ./images/elytre8_fs.png Graphic file (type png)
<use ./images/elytre8_fs.png>
Package pdftex.def Info: ./images/elytre8_fs.png  used on input line 462.
(pdftex.def)             Requested size: 225.21626pt x 126.56789pt.
<./images/elytre8_fn.png, id=367, 455.45157pt x 255.95625pt>
File: ./images/elytre8_fn.png Graphic file (type png)
<use ./images/elytre8_fn.png>
Package pdftex.def Info: ./images/elytre8_fn.png  used on input line 463.
(pdftex.def)             Requested size: 225.21626pt x 126.56789pt.

LaTeX Warning: `!h' float specifier changed to `!ht'.

[14]

LaTeX Warning: Text page 15 contains only floats.

[15 <./images/fn_lm1.png (PNG copy)> <./images/fn_lm6.png (PNG copy)> <./images
/head6_fn.png (PNG copy)> <./images/head1_fn.png (PNG copy)>]
<./images/Prono_001.jpg, id=381, 46.2528pt x 46.2528pt>
File: ./images/Prono_001.jpg Graphic file (type jpg)
<use ./images/Prono_001.jpg>
Package pdftex.def Info: ./images/Prono_001.jpg  used on input line 472.
(pdftex.def)             Requested size: 150.14671pt x 150.15536pt.
<./images/Tete_005.png, id=382, 46.2528pt x 46.2528pt>
File: ./images/Tete_005.png Graphic file (type png)
<use ./images/Tete_005.png>
Package pdftex.def Info: ./images/Tete_005.png  used on input line 473.
(pdftex.def)             Requested size: 150.14671pt x 150.15536pt.
<./images/Elytre004.png, id=383, 46.2528pt x 46.2528pt>
File: ./images/Elytre004.png Graphic file (type png)
<use ./images/Elytre004.png>
Package pdftex.def Info: ./images/Elytre004.png  used on input line 474.
(pdftex.def)             Requested size: 150.14671pt x 150.15536pt.
 [16 <./images/elytre1_fn.png (PNG copy)> <./images/elytre8_fn.png (PNG copy)> 
<./images/Prono_001.jpg> <./images/Tete_005.png> <./images/Elytre004.png>]

Package natbib Warning: Citation `martineau_survey_2017' on page 17 undefined o
n input line 508.

[17]

Package natbib Warning: Citation `tatsuta_geometric_2018' on page 18 undefined 
on input line 513.

(main_ecolInf.bbl [18]
Underfull \hbox (badness 2393) in paragraph at lines 36--42
[]\OT1/cmr/m/n/10 D. G. Kendall, []The dif-fu-sion of shape[], Ad-vances in Ap-
plied Prob-a-bil-ity 9 (3) (1977) 428--430.
 []


Underfull \hbox (badness 10000) in paragraph at lines 36--42
\OT1/cmr/m/n/10 URL []$\OT1/cmtt/m/n/10 https : / / www . cambridge . org / cor
e / journals / advances-[]in-[]applied-[]probability / article /
 []

[19]
Underfull \hbox (badness 1655) in paragraph at lines 154--156
[]\OT1/cmr/m/n/10 A. Bor-des, S. Chopra, J. We-ston, Ques-tion an-swer-ing with
 sub-graph em-bed-dings, arXiv preprint
 []

[20] [21] [22])

Package natbib Warning: There were undefined citations.

[23]
Package atveryend Info: Empty hook `BeforeClearDocument' on input line 520.
Package atveryend Info: Empty hook `AfterLastShipout' on input line 520.
 (main_ecolInf.aux)
Package atveryend Info: Executing hook `AtVeryEndDocument' on input line 520.
Package atveryend Info: Executing hook `AtEndAfterFileList' on input line 520.
Package rerunfilecheck Info: File `main_ecolInf.out' has not changed.
(rerunfilecheck)             Checksum: 0809FC73DF81DA21BAC1A91338450C26;1206.


LaTeX Warning: There were multiply-defined labels.

Package atveryend Info: Empty hook `AtVeryVeryEnd' on input line 520.
 ) 
Here is how much of TeX's memory you used:
 18421 strings out of 492970
 341190 string characters out of 3135851
 426563 words of memory out of 3000000
 21848 multiletter control sequences out of 15000+200000
 8656 words of font info for 32 fonts, out of 3000000 for 9000
 1141 hyphenation exceptions out of 8191
 55i,9n,54p,1994b,721s stack positions out of 5000i,500n,10000p,200000b,50000s
<C:/Program Files/MiKTeX 2.9/fonts/type1/public/amsfonts/cm/cmbx10.pfb><C:/Pr
ogram Files/MiKTeX 2.9/fonts/type1/public/amsfonts/cm/cmmi10.pfb><C:/Program Fi
les/MiKTeX 2.9/fonts/type1/public/amsfonts/cm/cmmi5.pfb><C:/Program Files/MiKTe
X 2.9/fonts/type1/public/amsfonts/cm/cmmi6.pfb><C:/Program Files/MiKTeX 2.9/fon
ts/type1/public/amsfonts/cm/cmmi7.pfb><C:/Program Files/MiKTeX 2.9/fonts/type1/
public/amsfonts/cm/cmr10.pfb><C:/Program Files/MiKTeX 2.9/fonts/type1/public/am
sfonts/cm/cmr12.pfb><C:/Program Files/MiKTeX 2.9/fonts/type1/public/amsfonts/cm
/cmr6.pfb><C:/Program Files/MiKTeX 2.9/fonts/type1/public/amsfonts/cm/cmr7.pfb>
<C:/Program Files/MiKTeX 2.9/fonts/type1/public/amsfonts/cm/cmr8.pfb><C:/Progra
m Files/MiKTeX 2.9/fonts/type1/public/amsfonts/cm/cmss8.pfb><C:/Program Files/M
iKTeX 2.9/fonts/type1/public/amsfonts/cm/cmsy10.pfb><C:/Program Files/MiKTeX 2.
9/fonts/type1/public/amsfonts/cm/cmsy6.pfb><C:/Program Files/MiKTeX 2.9/fonts/t
ype1/public/amsfonts/cm/cmsy7.pfb><C:/Program Files/MiKTeX 2.9/fonts/type1/publ
ic/amsfonts/cm/cmti10.pfb><C:/Program Files/MiKTeX 2.9/fonts/type1/public/amsfo
nts/cm/cmti7.pfb><C:/Program Files/MiKTeX 2.9/fonts/type1/public/amsfonts/cm/cm
ti8.pfb><C:/Program Files/MiKTeX 2.9/fonts/type1/public/amsfonts/cm/cmtt10.pfb>
<C:/Program Files/MiKTeX 2.9/fonts/type1/public/amsfonts/cm/cmtt8.pfb>
Output written on main_ecolInf.pdf (23 pages, 2890427 bytes).
PDF statistics:
 611 PDF objects out of 1000 (max. 8388607)
 131 named destinations out of 1000 (max. 500000)
 316 words of extra memory for PDF output out of 10000 (max. 10000000)

