This is pdfTeX, Version 3.14159265-2.6-1.40.19 (MiKTeX 2.9.6840 64-bit) (preloaded format=pdflatex 2018.11.22)  22 APR 2019 11:54
entering extended mode
**./main_deeplearning.tex
(main_deeplearning.tex
LaTeX2e <2018-04-01> patch level 5
("C:\Program Files\MiKTeX 2.9\tex\latex\elsarticle\elsarticle.cls"
Document Class: elsarticle 2018/06/08, 3.0: Elsevier Ltd
\@bls=\dimen102
("C:\Program Files\MiKTeX 2.9\tex\latex\base\article.cls"
Document Class: article 2014/09/29 v1.4h Standard LaTeX document class
("C:\Program Files\MiKTeX 2.9\tex\latex\base\size10.clo"
File: size10.clo 2014/09/29 v1.4h Standard LaTeX file (size option)
)
\c@part=\count80
\c@section=\count81
\c@subsection=\count82
\c@subsubsection=\count83
\c@paragraph=\count84
\c@subparagraph=\count85
\c@figure=\count86
\c@table=\count87
\abovecaptionskip=\skip41
\belowcaptionskip=\skip42
\bibindent=\dimen103
)
("C:\Program Files\MiKTeX 2.9\tex\latex\graphics\graphicx.sty"
Package: graphicx 2017/06/01 v1.1a Enhanced LaTeX Graphics (DPC,SPQR)

("C:\Program Files\MiKTeX 2.9\tex\latex\graphics\keyval.sty"
Package: keyval 2014/10/28 v1.15 key=value parser (DPC)
\KV@toks@=\toks14
)
("C:\Program Files\MiKTeX 2.9\tex\latex\graphics\graphics.sty"
Package: graphics 2017/06/25 v1.2c Standard LaTeX Graphics (DPC,SPQR)

("C:\Program Files\MiKTeX 2.9\tex\latex\graphics\trig.sty"
Package: trig 2016/01/03 v1.10 sin cos tan (DPC)
)
("C:\Program Files\MiKTeX 2.9\tex\latex\graphics-cfg\graphics.cfg"
File: graphics.cfg 2016/06/04 v1.11 sample graphics configuration
)
Package graphics Info: Driver file: pdftex.def on input line 99.

("C:\Program Files\MiKTeX 2.9\tex\latex\graphics-def\pdftex.def"
File: pdftex.def 2018/01/08 v1.0l Graphics/color driver for pdftex
))
\Gin@req@height=\dimen104
\Gin@req@width=\dimen105
)
\c@tnote=\count88
\c@fnote=\count89
\c@cnote=\count90
\c@ead=\count91
\c@author=\count92
\@eadauthor=\toks15
\c@affn=\count93
\absbox=\box26
\keybox=\box27
\Columnwidth=\dimen106
\space@left=\dimen107
\els@boxa=\box28
\els@boxb=\box29
\leftMargin=\dimen108
\@enLab=\toks16
\@sep=\skip43
\@@sep=\skip44

(main_deeplearning.spl)
("C:\Program Files\MiKTeX 2.9\tex\latex\natbib\natbib.sty"
Package: natbib 2010/09/13 8.31b (PWD, AO)
\bibhang=\skip45
\bibsep=\skip46
LaTeX Info: Redefining \cite on input line 694.
\c@NAT@ctr=\count94
)
\splwrite=\write3
\openout3 = `main_deeplearning.spl'.

\appnamewidth=\dimen109
)
("C:\Program Files\MiKTeX 2.9\tex\latex\lineno\lineno.sty"
Package: lineno 2005/11/02 line numbers on paragraphs v4.41
\linenopenalty=\count95
\output=\toks17
\linenoprevgraf=\count96
\linenumbersep=\dimen110
\linenumberwidth=\dimen111
\c@linenumber=\count97
\c@pagewiselinenumber=\count98
\c@LN@truepage=\count99
\c@internallinenumber=\count100
\c@internallinenumbers=\count101
\quotelinenumbersep=\dimen112
\bframerule=\dimen113
\bframesep=\dimen114
\bframebox=\box30
LaTeX Info: Redefining \\ on input line 3056.
)
("C:\Program Files\MiKTeX 2.9\tex\latex\hyperref\hyperref.sty"
Package: hyperref 2018/09/30 v6.88a Hypertext links for LaTeX

("C:\Program Files\MiKTeX 2.9\tex\generic\oberdiek\hobsub-hyperref.sty"
Package: hobsub-hyperref 2016/05/16 v1.14 Bundle oberdiek, subset hyperref (HO)


("C:\Program Files\MiKTeX 2.9\tex\generic\oberdiek\hobsub-generic.sty"
Package: hobsub-generic 2016/05/16 v1.14 Bundle oberdiek, subset generic (HO)
Package: hobsub 2016/05/16 v1.14 Construct package bundles (HO)
Package: infwarerr 2016/05/16 v1.4 Providing info/warning/error messages (HO)
Package: ltxcmds 2016/05/16 v1.23 LaTeX kernel commands for general use (HO)
Package: ifluatex 2016/05/16 v1.4 Provides the ifluatex switch (HO)
Package ifluatex Info: LuaTeX not detected.
Package: ifvtex 2016/05/16 v1.6 Detect VTeX and its facilities (HO)
Package ifvtex Info: VTeX not detected.
Package: intcalc 2016/05/16 v1.2 Expandable calculations with integers (HO)
Package: ifpdf 2018/09/07 v3.3 Provides the ifpdf switch
Package: etexcmds 2016/05/16 v1.6 Avoid name clashes with e-TeX commands (HO)
Package etexcmds Info: Could not find \expanded.
(etexcmds)             That can mean that you are not using pdfTeX 1.50 or
(etexcmds)             that some package has redefined \expanded.
(etexcmds)             In the latter case, load this package earlier.
Package: kvsetkeys 2016/05/16 v1.17 Key value parser (HO)
Package: kvdefinekeys 2016/05/16 v1.4 Define keys (HO)
Package: pdftexcmds 2018/09/10 v0.29 Utility functions of pdfTeX for LuaTeX (HO
)
Package pdftexcmds Info: LuaTeX not detected.
Package pdftexcmds Info: \pdf@primitive is available.
Package pdftexcmds Info: \pdf@ifprimitive is available.
Package pdftexcmds Info: \pdfdraftmode found.
Package: pdfescape 2016/05/16 v1.14 Implements pdfTeX's escape features (HO)
Package: bigintcalc 2016/05/16 v1.4 Expandable calculations on big integers (HO
)
Package: bitset 2016/05/16 v1.2 Handle bit-vector datatype (HO)
Package: uniquecounter 2016/05/16 v1.3 Provide unlimited unique counter (HO)
)
Package hobsub Info: Skipping package `hobsub' (already loaded).
Package: letltxmacro 2016/05/16 v1.5 Let assignment for LaTeX macros (HO)
Package: hopatch 2016/05/16 v1.3 Wrapper for package hooks (HO)
Package: xcolor-patch 2016/05/16 xcolor patch
Package: atveryend 2016/05/16 v1.9 Hooks at the very end of document (HO)
Package atveryend Info: \enddocument detected (standard20110627).
Package: atbegshi 2016/06/09 v1.18 At begin shipout hook (HO)
Package: refcount 2016/05/16 v3.5 Data extraction from label references (HO)
Package: hycolor 2016/05/16 v1.8 Color options for hyperref/bookmark (HO)
)
("C:\Program Files\MiKTeX 2.9\tex\generic\ifxetex\ifxetex.sty"
Package: ifxetex 2010/09/12 v0.6 Provides ifxetex conditional
)
("C:\Program Files\MiKTeX 2.9\tex\latex\oberdiek\auxhook.sty"
Package: auxhook 2016/05/16 v1.4 Hooks for auxiliary files (HO)
)
("C:\Program Files\MiKTeX 2.9\tex\latex\oberdiek\kvoptions.sty"
Package: kvoptions 2016/05/16 v3.12 Key value format for package options (HO)
)
\@linkdim=\dimen115
\Hy@linkcounter=\count102
\Hy@pagecounter=\count103

("C:\Program Files\MiKTeX 2.9\tex\latex\hyperref\pd1enc.def"
File: pd1enc.def 2018/09/30 v6.88a Hyperref: PDFDocEncoding definition (HO)
Now handling font encoding PD1 ...
... no UTF-8 mapping file for font encoding PD1
)
\Hy@SavedSpaceFactor=\count104

("C:\Program Files\MiKTeX 2.9\tex\latex\00miktex\hyperref.cfg"
File: hyperref.cfg 2002/06/06 v1.2 hyperref configuration of TeXLive
)
Package hyperref Info: Hyper figures OFF on input line 4535.
Package hyperref Info: Link nesting OFF on input line 4540.
Package hyperref Info: Hyper index ON on input line 4543.
Package hyperref Info: Plain pages OFF on input line 4550.
Package hyperref Info: Backreferencing OFF on input line 4555.
Package hyperref Info: Implicit mode ON; LaTeX internals redefined.
Package hyperref Info: Bookmarks ON on input line 4788.
\c@Hy@tempcnt=\count105

("C:\Program Files\MiKTeX 2.9\tex\latex\url\url.sty"
\Urlmuskip=\muskip10
Package: url 2013/09/16  ver 3.4  Verb mode for urls, etc.
)
LaTeX Info: Redefining \url on input line 5141.
\XeTeXLinkMargin=\dimen116
\Fld@menulength=\count106
\Field@Width=\dimen117
\Fld@charsize=\dimen118
Package hyperref Info: Hyper figures OFF on input line 6396.
Package hyperref Info: Link nesting OFF on input line 6401.
Package hyperref Info: Hyper index ON on input line 6404.
Package hyperref Info: backreferencing OFF on input line 6411.
Package hyperref Info: Link coloring OFF on input line 6416.
Package hyperref Info: Link coloring with OCG OFF on input line 6421.
Package hyperref Info: PDF/A mode OFF on input line 6426.
LaTeX Info: Redefining \ref on input line 6466.
LaTeX Info: Redefining \pageref on input line 6470.
\Hy@abspage=\count107
\c@Item=\count108
\c@Hfootnote=\count109
)
Package hyperref Info: Driver (autodetected): hpdftex.

("C:\Program Files\MiKTeX 2.9\tex\latex\hyperref\hpdftex.def"
File: hpdftex.def 2018/09/30 v6.88a Hyperref driver for pdfTeX
\Fld@listcount=\count110
\c@bookmark@seq@number=\count111

("C:\Program Files\MiKTeX 2.9\tex\latex\oberdiek\rerunfilecheck.sty"
Package: rerunfilecheck 2016/05/16 v1.8 Rerun checks for auxiliary files (HO)
Package uniquecounter Info: New unique counter `rerunfilecheck' on input line 2
82.
)
\Hy@SectionHShift=\skip47
)
("C:\Program Files\MiKTeX 2.9\tex\latex\caption\caption.sty"
Package: caption 2018/10/06 v3.3-154 Customizing captions (AR)

("C:\Program Files\MiKTeX 2.9\tex\latex\caption\caption3.sty"
Package: caption3 2018/09/12 v1.8c caption3 kernel (AR)
Package caption3 Info: TeX engine: e-TeX on input line 64.
\captionmargin=\dimen119
\captionmargin@=\dimen120
\captionwidth=\dimen121
\caption@tempdima=\dimen122
\caption@indent=\dimen123
\caption@parindent=\dimen124
\caption@hangindent=\dimen125
)
\c@caption@flags=\count112
\c@ContinuedFloat=\count113
Package caption Info: hyperref package is loaded.
)
("C:\Program Files\MiKTeX 2.9\tex\latex\subfig\subfig.sty"
Package: subfig 2005/06/28 ver: 1.3 subfig package
\c@KVtest=\count114
\sf@farskip=\skip48
\sf@captopadj=\dimen126
\sf@capskip=\skip49
\sf@nearskip=\skip50
\c@subfigure=\count115
\c@subfigure@save=\count116
\c@lofdepth=\count117
\c@subtable=\count118
\c@subtable@save=\count119
\c@lotdepth=\count120
\sf@top=\skip51
\sf@bottom=\skip52
)
("C:\Program Files\MiKTeX 2.9\tex\latex\multirow\multirow.sty"
Package: multirow 2018/08/03 v2.3 Span multiple rows of a table
\multirow@colwidth=\skip53
\multirow@cntb=\count121
\multirow@dima=\skip54
\bigstrutjot=\dimen127
)
("C:\Program Files\MiKTeX 2.9\tex\latex\xcolor\xcolor.sty"
Package: xcolor 2016/05/11 v2.12 LaTeX color extensions (UK)

("C:\Program Files\MiKTeX 2.9\tex\latex\graphics-cfg\color.cfg"
File: color.cfg 2016/01/02 v1.6 sample color configuration
)
Package xcolor Info: Driver file: pdftex.def on input line 225.
Package xcolor Info: Model `cmy' substituted by `cmy0' on input line 1348.
Package xcolor Info: Model `hsb' substituted by `rgb' on input line 1352.
Package xcolor Info: Model `RGB' extended on input line 1364.
Package xcolor Info: Model `HTML' substituted by `rgb' on input line 1366.
Package xcolor Info: Model `Hsb' substituted by `hsb' on input line 1367.
Package xcolor Info: Model `tHsb' substituted by `hsb' on input line 1368.
Package xcolor Info: Model `HSB' substituted by `hsb' on input line 1369.
Package xcolor Info: Model `Gray' substituted by `gray' on input line 1370.
Package xcolor Info: Model `wave' substituted by `hsb' on input line 1371.
)
("C:\Program Files\MiKTeX 2.9\tex\latex\setspace\setspace.sty"
Package: setspace 2011/12/19 v6.7a set line spacing
)
(main_deeplearning.aux

LaTeX Warning: Label `' multiply defined.


LaTeX Warning: Label `sub@' multiply defined.


LaTeX Warning: Label `' multiply defined.


LaTeX Warning: Label `sub@' multiply defined.


LaTeX Warning: Label `' multiply defined.


LaTeX Warning: Label `sub@' multiply defined.


LaTeX Warning: Label `' multiply defined.


LaTeX Warning: Label `sub@' multiply defined.


LaTeX Warning: Label `' multiply defined.


LaTeX Warning: Label `sub@' multiply defined.


LaTeX Warning: Label `' multiply defined.


LaTeX Warning: Label `sub@' multiply defined.

)
\openout1 = `main_deeplearning.aux'.

LaTeX Font Info:    Checking defaults for OML/cmm/m/it on input line 47.
LaTeX Font Info:    ... okay on input line 47.
LaTeX Font Info:    Checking defaults for T1/cmr/m/n on input line 47.
LaTeX Font Info:    ... okay on input line 47.
LaTeX Font Info:    Checking defaults for OT1/cmr/m/n on input line 47.
LaTeX Font Info:    ... okay on input line 47.
LaTeX Font Info:    Checking defaults for OMS/cmsy/m/n on input line 47.
LaTeX Font Info:    ... okay on input line 47.
LaTeX Font Info:    Checking defaults for OMX/cmex/m/n on input line 47.
LaTeX Font Info:    ... okay on input line 47.
LaTeX Font Info:    Checking defaults for U/cmr/m/n on input line 47.
LaTeX Font Info:    ... okay on input line 47.
LaTeX Font Info:    Checking defaults for PD1/pdf/m/n on input line 47.
LaTeX Font Info:    ... okay on input line 47.
 ("C:\Program Files\MiKTeX 2.9\tex\context\base\supp-pdf.mkii"
[Loading MPS to PDF converter (version 2006.09.02).]
\scratchcounter=\count122
\scratchdimen=\dimen128
\scratchbox=\box31
\nofMPsegments=\count123
\nofMParguments=\count124
\everyMPshowfont=\toks18
\MPscratchCnt=\count125
\MPscratchDim=\dimen129
\MPnumerator=\count126
\makeMPintoPDFobject=\count127
\everyMPtoPDFconversion=\toks19
) ("C:\Program Files\MiKTeX 2.9\tex\latex\oberdiek\epstopdf-base.sty"
Package: epstopdf-base 2016/05/15 v2.6 Base part for package epstopdf

("C:\Program Files\MiKTeX 2.9\tex\latex\oberdiek\grfext.sty"
Package: grfext 2016/05/16 v1.2 Manage graphics extensions (HO)
)
Package epstopdf-base Info: Redefining graphics rule for `.eps' on input line 4
38.
Package grfext Info: Graphics extension search list:
(grfext)             [.pdf,.png,.jpg,.mps,.jpeg,.jbig2,.jb2,.PDF,.PNG,.JPG,.JPE
G,.JBIG2,.JB2,.eps]
(grfext)             \AppendGraphicsExtensions on input line 456.
)
\AtBeginShipoutBox=\box32
Package hyperref Info: Link coloring OFF on input line 47.

("C:\Program Files\MiKTeX 2.9\tex\latex\hyperref\nameref.sty"
Package: nameref 2016/05/21 v2.44 Cross-referencing by name of section

("C:\Program Files\MiKTeX 2.9\tex\generic\oberdiek\gettitlestring.sty"
Package: gettitlestring 2016/05/16 v1.5 Cleanup title references (HO)
)
\c@section@level=\count128
)
LaTeX Info: Redefining \ref on input line 47.
LaTeX Info: Redefining \pageref on input line 47.
LaTeX Info: Redefining \nameref on input line 47.

(main_deeplearning.out) (main_deeplearning.out)
\@outlinefile=\write4
\openout4 = `main_deeplearning.out'.

Package caption Info: Begin \AtBeginDocument code.
Package caption Info: subfig package v1.3 is loaded.
Package caption Info: End \AtBeginDocument code.
LaTeX Font Info:    External font `cmex10' loaded for size
(Font)              <7> on input line 93.
LaTeX Font Info:    External font `cmex10' loaded for size
(Font)              <5> on input line 93.
LaTeX Font Info:    External font `cmex10' loaded for size
(Font)              <8> on input line 112.
LaTeX Font Info:    External font `cmex10' loaded for size
(Font)              <6> on input line 112.

Overfull \hbox (2.22221pt too wide) has occurred while \output is active
[] 
 []


Package hyperref Warning: Token not allowed in a PDF string (PDFDocEncoding):
(hyperref)                removing `\<def>-command' on input line 112.


Package hyperref Warning: Token not allowed in a PDF string (PDFDocEncoding):
(hyperref)                removing `\cnotenum' on input line 112.


Package hyperref Warning: Token not allowed in a PDF string (PDFDocEncoding):
(hyperref)                removing `\<def>-command' on input line 112.


Package hyperref Warning: Token not allowed in a PDF string (PDFDocEncoding):
(hyperref)                removing `\@corref' on input line 112.


Package hyperref Warning: Token not allowed in a PDF string (PDFDocEncoding):
(hyperref)                removing `\<let>-command' on input line 112.


Package hyperref Warning: Token not allowed in a PDF string (PDFDocEncoding):
(hyperref)                removing `\comma' on input line 112.


Package hyperref Warning: Token not allowed in a PDF string (PDFDocEncoding):
(hyperref)                removing `\<def>-command' on input line 112.


Package hyperref Warning: Token not allowed in a PDF string (PDFDocEncoding):
(hyperref)                removing `\@fnmark' on input line 112.


Package hyperref Warning: Token not allowed in a PDF string (PDFDocEncoding):
(hyperref)                removing `\<let>-command' on input line 112.


Package hyperref Warning: Token not allowed in a PDF string (PDFDocEncoding):
(hyperref)                removing `\comma' on input line 112.


Package hyperref Warning: Token not allowed in a PDF string (PDFDocEncoding):
(hyperref)                removing `\<def>-command' on input line 112.


Package hyperref Warning: Token not allowed in a PDF string (PDFDocEncoding):
(hyperref)                removing `\@fnmark' on input line 112.

[1


{C:/Users/LinhPC/AppData/Local/MiKTeX/2.9/pdftex/config/pdftex.map}] [2]
[3] [4]
<images/cnn_network_2.png, id=161, 1150.2975pt x 361.35pt>
File: images/cnn_network_2.png Graphic file (type png)
<use images/cnn_network_2.png>
Package pdftex.def Info: images/cnn_network_2.png  used on input line 209.
(pdftex.def)             Requested size: 345.09192pt x 108.40584pt.
 [5 <./images/cnn_network_2.png>] [6] [7]
<images/inc_channels.png, id=198, 547.04375pt x 339.2675pt>
File: images/inc_channels.png Graphic file (type png)
<use images/inc_channels.png>
Package pdftex.def Info: images/inc_channels.png  used on input line 313.
(pdftex.def)             Requested size: 218.81361pt x 135.70459pt.
<images/sp_channels.png, id=200, 562.1pt x 338.26375pt>
File: images/sp_channels.png Graphic file (type png)
<use images/sp_channels.png>
Package pdftex.def Info: images/sp_channels.png  used on input line 327.
(pdftex.def)             Requested size: 224.83601pt x 135.30309pt.
 [8 <./images/inc_channels.png> <./images/sp_channels.png (PNG copy)>] [9]
<images/model1.png, id=216, 661.2705pt x 248.72925pt>
File: images/model1.png Graphic file (type png)
<use images/model1.png>
Package pdftex.def Info: images/model1.png  used on input line 378.
(pdftex.def)             Requested size: 338.09853pt x 127.17284pt.
<images/elementary_block.png, id=221, 614.295pt x 325.215pt>
File: images/elementary_block.png Graphic file (type png)
<use images/elementary_block.png>
Package pdftex.def Info: images/elementary_block.png  used on input line 403.
(pdftex.def)             Requested size: 172.5pt x 91.32257pt.


LaTeX Warning: `h' float specifier changed to `ht'.

[10 <./images/model1.png>]
LaTeX Font Info:    Try loading font information for OMS+cmr on input line 416.


("C:\Program Files\MiKTeX 2.9\tex\latex\base\omscmr.fd"
File: omscmr.fd 2014/09/29 v2.5h Standard LaTeX font definitions
)
LaTeX Font Info:    Font shape `OMS/cmr/m/n' in size <10> not available
(Font)              Font shape `OMS/cmsy/m/n' tried instead on input line 416.
<images/model3.png, id=232, 662.475pt x 208.98074pt>
File: images/model3.png Graphic file (type png)
<use images/model3.png>
Package pdftex.def Info: images/model3.png  used on input line 437.
(pdftex.def)             Requested size: 341.5519pt x 107.74266pt.


LaTeX Warning: `h' float specifier changed to `ht'.

[11 <./images/elementary_block.png (PNG copy)>] [12 <./images/model3.png>]
<images/images5parts.png, id=254, 985.6825pt x 181.67876pt>
File: images/images5parts.png Graphic file (type png)
<use images/images5parts.png>
Package pdftex.def Info: images/images5parts.png  used on input line 475.
(pdftex.def)             Requested size: 276.00105pt x 50.87247pt.
<images/model1_loss.png, id=255, 578.16pt x 433.62pt>
File: images/model1_loss.png Graphic file (type png)
<use images/model1_loss.png>
Package pdftex.def Info: images/model1_loss.png  used on input line 502.
(pdftex.def)             Requested size: 207.0021pt x 155.24954pt.


LaTeX Warning: `!h' float specifier changed to `!ht'.

[13 <./images/images5parts.png>]
<images/model3_loss.png, id=265, 578.16pt x 433.62pt>
File: images/model3_loss.png Graphic file (type png)
<use images/model3_loss.png>
Package pdftex.def Info: images/model3_loss.png  used on input line 525.
(pdftex.def)             Requested size: 207.0021pt x 155.24954pt.
 [14 <./images/model1_loss.png> <./images/model3_loss.png>] [15]
<images/fn_accuracy.png, id=288, 76.3653pt x 57.3342pt>
File: images/fn_accuracy.png Graphic file (type png)
<use images/fn_accuracy.png>
Package pdftex.def Info: images/fn_accuracy.png  used on input line 628.
(pdftex.def)             Requested size: 120.7521pt x 90.66576pt.
<images/plandmark2.png, id=289, 178.9887pt x 133.9404pt>
File: images/plandmark2.png Graphic file (type png)
<use images/plandmark2.png>
Package pdftex.def Info: images/plandmark2.png  used on input line 629.
(pdftex.def)             Requested size: 120.7521pt x 90.3609pt.
 [16 <./images/fn_accuracy.png (PNG copy)> <./images/plandmark2.png (PNG copy)>
] [17]
<images/face_dataset_2.png, id=313, 1915.155pt x 478.78876pt>
File: images/face_dataset_2.png Graphic file (type png)
<use images/face_dataset_2.png>
Package pdftex.def Info: images/face_dataset_2.png  used on input line 678.
(pdftex.def)             Requested size: 306.43106pt x 76.60776pt.
 [18 <./images/face_dataset_2.png (PNG copy)>]
<images/charts/fs_lm1.png, id=323, 455.45157pt x 255.95625pt>
File: images/charts/fs_lm1.png Graphic file (type png)
<use images/charts/fs_lm1.png>
Package pdftex.def Info: images/charts/fs_lm1.png  used on input line 743.
(pdftex.def)             Requested size: 169.0519pt x 95.00696pt.
<images/charts/fs_lm6.png, id=324, 455.45157pt x 255.95625pt>
File: images/charts/fs_lm6.png Graphic file (type png)
<use images/charts/fs_lm6.png>
Package pdftex.def Info: images/charts/fs_lm6.png  used on input line 744.
(pdftex.def)             Requested size: 169.0519pt x 95.00696pt.
<images/charts/fn_lm7.png, id=325, 455.45157pt x 255.95625pt>
File: images/charts/fn_lm7.png Graphic file (type png)
<use images/charts/fn_lm7.png>
Package pdftex.def Info: images/charts/fn_lm7.png  used on input line 745.
(pdftex.def)             Requested size: 169.0519pt x 95.00696pt.
<images/charts/fn_lm6.png, id=326, 455.45157pt x 255.95625pt>
File: images/charts/fn_lm6.png Graphic file (type png)
<use images/charts/fn_lm6.png>
Package pdftex.def Info: images/charts/fn_lm6.png  used on input line 746.
(pdftex.def)             Requested size: 169.0519pt x 95.00696pt.
 [19]
[20 <./images/charts/fs_lm1.png (PNG copy)> <./images/charts/fs_lm6.png (PNG co
py)> <./images/charts/fn_lm7.png (PNG copy)> <./images/charts/fn_lm6.png (PNG c
opy)>]
<images/predicted/Prono_001.JPG, id=345, 46.2528pt x 46.2528pt>
File: images/predicted/Prono_001.JPG Graphic file (type jpg)
<use images/predicted/Prono_001.JPG>
Package pdftex.def Info: images/predicted/Prono_001.JPG  used on input line 771
.
(pdftex.def)             Requested size: 155.24895pt x 155.25731pt.
<images/predicted/Tete_005.JPG, id=346, 46.2528pt x 46.2528pt>
File: images/predicted/Tete_005.JPG Graphic file (type jpg)
<use images/predicted/Tete_005.JPG>
Package pdftex.def Info: images/predicted/Tete_005.JPG  used on input line 772.

(pdftex.def)             Requested size: 155.24895pt x 155.25731pt.
<images/predicted/Elytre004.JPG, id=347, 46.2528pt x 46.2528pt>
File: images/predicted/Elytre004.JPG Graphic file (type jpg)
<use images/predicted/Elytre004.JPG>
Package pdftex.def Info: images/predicted/Elytre004.JPG  used on input line 773
.
(pdftex.def)             Requested size: 155.24895pt x 155.25731pt.


LaTeX Warning: `!h' float specifier changed to `!ht'.

[21] [22 <./images/predicted/Prono_001.JPG> <./images/predicted/Tete_005.JPG> <
./images/predicted/Elytre004.JPG>] (main_deeplearning.bbl [23] [24] [25]
[26]) [27]
Overfull \hbox (21.16843pt too wide) in paragraph at lines 831--845
 [][] 
 []


Overfull \hbox (21.16843pt too wide) in paragraph at lines 851--866
 [][] 
 []


Overfull \hbox (1.33879pt too wide) in paragraph at lines 875--887
[][] 
 []


Overfull \hbox (1.33879pt too wide) in paragraph at lines 892--906
[][] 
 []


Overfull \hbox (1.33879pt too wide) in paragraph at lines 911--926
[][] 
 []

[28] [29]
<images/charts/pronotum_2.png, id=418, 948.54375pt x 694.595pt>
File: images/charts/pronotum_2.png Graphic file (type png)
<use images/charts/pronotum_2.png>
Package pdftex.def Info: images/charts/pronotum_2.png  used on input line 935.
(pdftex.def)             Requested size: 327.74895pt x 239.99588pt.
<images/charts/tete_2.png, id=419, 1081.03876pt x 804.00375pt>
File: images/charts/tete_2.png Graphic file (type png)
<use images/charts/tete_2.png>
Package pdftex.def Info: images/charts/tete_2.png  used on input line 941.
(pdftex.def)             Requested size: 327.74895pt x 243.75475pt.
<images/charts/elytre_2.png, id=420, 1149.29375pt x 842.14626pt>
File: images/charts/elytre_2.png Graphic file (type png)
<use images/charts/elytre_2.png>
Package pdftex.def Info: images/charts/elytre_2.png  used on input line 947.
(pdftex.def)             Requested size: 327.74895pt x 240.15553pt.
Package atveryend Info: Empty hook `BeforeClearDocument' on input line 950.
 [30 <./images/charts/pronotum_2.png>] [31 <./images/charts/tete_2.png> <./imag
es/charts/elytre_2.png (PNG copy)>]
Package atveryend Info: Empty hook `AfterLastShipout' on input line 950.
 (main_deeplearning.aux)
Package atveryend Info: Executing hook `AtVeryEndDocument' on input line 950.
Package atveryend Info: Executing hook `AtEndAfterFileList' on input line 950.
Package rerunfilecheck Info: File `main_deeplearning.out' has not changed.
(rerunfilecheck)             Checksum: 308C040937459DC340DA8B99EA6B8F9F;1036.


LaTeX Warning: There were multiply-defined labels.

Package atveryend Info: Empty hook `AtVeryVeryEnd' on input line 950.
 ) 
Here is how much of TeX's memory you used:
 7925 strings out of 492970
 119845 string characters out of 3135851
 234313 words of memory out of 3000000
 11594 multiletter control sequences out of 15000+200000
 8051 words of font info for 29 fonts, out of 3000000 for 9000
 1141 hyphenation exceptions out of 8191
 36i,11n,49p,883b,547s stack positions out of 5000i,500n,10000p,200000b,50000s
pdfTeX warning (dest): name{Hfootnote.3} has been referenced but does not exi
st, replaced by a fixed one

pdfTeX warning (dest): name{Hfootnote.2} has been referenced but does not exist
, replaced by a fixed one

pdfTeX warning (dest): name{Hfootnote.1} has been referenced but does not exist
, replaced by a fixed one

<C:/Program Files/MiKTeX 2.9/fonts/type1/public/amsfonts/cm/cmbx10.pfb><C:/Prog
ram Files/MiKTeX 2.9/fonts/type1/public/amsfonts/cm/cmmi10.pfb><C:/Program File
s/MiKTeX 2.9/fonts/type1/public/amsfonts/cm/cmmi6.pfb><C:/Program Files/MiKTeX 
2.9/fonts/type1/public/amsfonts/cm/cmmi7.pfb><C:/Program Files/MiKTeX 2.9/fonts
/type1/public/amsfonts/cm/cmmi8.pfb><C:/Program Files/MiKTeX 2.9/fonts/type1/pu
blic/amsfonts/cm/cmr10.pfb><C:/Program Files/MiKTeX 2.9/fonts/type1/public/amsf
onts/cm/cmr12.pfb><C:/Program Files/MiKTeX 2.9/fonts/type1/public/amsfonts/cm/c
mr6.pfb><C:/Program Files/MiKTeX 2.9/fonts/type1/public/amsfonts/cm/cmr7.pfb><C
:/Program Files/MiKTeX 2.9/fonts/type1/public/amsfonts/cm/cmr8.pfb><C:/Program 
Files/MiKTeX 2.9/fonts/type1/public/amsfonts/cm/cmr9.pfb><C:/Program Files/MiKT
eX 2.9/fonts/type1/public/amsfonts/cm/cmss8.pfb><C:/Program Files/MiKTeX 2.9/fo
nts/type1/public/amsfonts/cm/cmsy10.pfb><C:/Program Files/MiKTeX 2.9/fonts/type
1/public/amsfonts/cm/cmsy6.pfb><C:/Program Files/MiKTeX 2.9/fonts/type1/public/
amsfonts/cm/cmsy7.pfb><C:/Program Files/MiKTeX 2.9/fonts/type1/public/amsfonts/
cm/cmti10.pfb><C:/Program Files/MiKTeX 2.9/fonts/type1/public/amsfonts/cm/cmti7
.pfb><C:/Program Files/MiKTeX 2.9/fonts/type1/public/amsfonts/cm/cmti8.pfb><C:/
Program Files/MiKTeX 2.9/fonts/type1/public/amsfonts/cm/cmtt10.pfb><C:/Program 
Files/MiKTeX 2.9/fonts/type1/public/amsfonts/cm/cmtt8.pfb>
Output written on main_deeplearning.pdf (31 pages, 1924284 bytes).
PDF statistics:
 523 PDF objects out of 1000 (max. 8388607)
 121 named destinations out of 1000 (max. 500000)
 223 words of extra memory for PDF output out of 10000 (max. 10000000)

